[2022-01-07 13:02:30.852] [exthost] [info] Extension host with pid 2078 started
[2022-01-07 13:02:30.878] [exthost] [info] Lock '/root/.vscode-server/data/User/workspaceStorage/317cc65c38c663f1cf67c63b7a23d0bc/vscode.lock': Lock acquired.
[2022-01-07 13:02:31.665] [exthost] [info] ExtensionService#_doActivateExtension vscode.typescript-language-features, startup: false, activationEvent: 'onLanguage:javascript'
[2022-01-07 13:02:31.748] [exthost] [info] ExtensionService#_doActivateExtension vscode.debug-auto-launch, startup: true, activationEvent: '*'
[2022-01-07 13:02:31.752] [exthost] [info] ExtensionService#_doActivateExtension vscode.git-base, startup: true, activationEvent: '*', root cause: vscode.github
[2022-01-07 13:02:31.760] [exthost] [info] ExtensionService#_doActivateExtension vscode.npm, startup: true, activationEvent: 'workspaceContains:package.json'
[2022-01-07 13:02:32.688] [exthost] [info] ExtensionService#_doActivateExtension vscode.git, startup: true, activationEvent: '*'
[2022-01-07 13:02:32.805] [exthost] [info] ExtensionService#_doActivateExtension vscode.github, startup: true, activationEvent: '*'
[2022-01-07 13:02:33.235] [exthost] [info] ExtensionService#_doActivateExtension vscode.emmet, startup: false, activationEvent: 'onStartupFinished'
[2022-01-07 13:02:33.260] [exthost] [info] ExtensionService#_doActivateExtension vscode.merge-conflict, startup: false, activationEvent: 'onStartupFinished'
[2022-01-07 13:02:33.264] [exthost] [info] Eager extensions activated
[2022-01-07 13:02:33.640] [exthost] [warning] [Decorations] CAPPING events from decorations provider vscode.git 304
[2022-01-07 13:02:36.065] [exthost] [warning] [Decorations] CAPPING events from decorations provider vscode.git 308
[2022-01-07 13:02:41.235] [exthost] [warning] [Decorations] CAPPING events from decorations provider vscode.git 308
[2022-01-07 13:02:46.392] [exthost] [warning] [Decorations] CAPPING events from decorations provider vscode.git 308
[2022-01-07 13:02:51.571] [exthost] [warning] [Decorations] CAPPING events from decorations provider vscode.git 308
[2022-01-07 13:02:56.730] [exthost] [warning] [Decorations] CAPPING events from decorations provider vscode.git 308
[2022-01-07 13:03:01.883] [exthost] [warning] [Decorations] CAPPING events from decorations provider vscode.git 308
[2022-01-07 13:03:07.044] [exthost] [warning] [Decorations] CAPPING events from decorations provider vscode.git 308
[2022-01-07 13:03:12.214] [exthost] [warning] [Decorations] CAPPING events from decorations provider vscode.git 308
[2022-01-07 13:03:17.329] [exthost] [warning] [Decorations] CAPPING events from decorations provider vscode.git 308
[2022-01-07 13:03:22.477] [exthost] [warning] [Decorations] CAPPING events from decorations provider vscode.git 308
[2022-01-07 13:03:27.644] [exthost] [warning] [Decorations] CAPPING events from decorations provider vscode.git 308
[2022-01-07 13:03:32.811] [exthost] [warning] [Decorations] CAPPING events from decorations provider vscode.git 308
[2022-01-07 13:03:37.976] [exthost] [warning] [Decorations] CAPPING events from decorations provider vscode.git 308
[2022-01-07 13:03:43.139] [exthost] [warning] [Decorations] CAPPING events from decorations provider vscode.git 308
[2022-01-07 13:03:48.287] [exthost] [warning] [Decorations] CAPPING events from decorations provider vscode.git 308
[2022-01-07 13:03:53.449] [exthost] [warning] [Decorations] CAPPING events from decorations provider vscode.git 309
[2022-01-07 13:03:58.602] [exthost] [warning] [Decorations] CAPPING events from decorations provider vscode.git 310
[2022-01-07 13:04:09.715] [exthost] [warning] [Decorations] CAPPING events from decorations provider vscode.git 310
[2022-01-07 13:04:34.739] [exthost] [warning] [Decorations] CAPPING events from decorations provider vscode.git 310
[2022-01-07 13:04:39.891] [exthost] [warning] [Decorations] CAPPING events from decorations provider vscode.git 310
[2022-01-07 13:05:22.181] [exthost] [warning] [Decorations] CAPPING events from decorations provider vscode.git 310
[2022-01-07 13:05:27.334] [exthost] [warning] [Decorations] CAPPING events from decorations provider vscode.git 311
[2022-01-07 13:05:32.490] [exthost] [warning] [Decorations] CAPPING events from decorations provider vscode.git 311
[2022-01-07 13:05:37.643] [exthost] [warning] [Decorations] CAPPING events from decorations provider vscode.git 311
[2022-01-07 13:05:42.798] [exthost] [warning] [Decorations] CAPPING events from decorations provider vscode.git 311
[2022-01-07 13:05:47.952] [exthost] [warning] [Decorations] CAPPING events from decorations provider vscode.git 311
[2022-01-07 13:05:53.100] [exthost] [warning] [Decorations] CAPPING events from decorations provider vscode.git 311
[2022-01-07 13:05:58.248] [exthost] [warning] [Decorations] CAPPING events from decorations provider vscode.git 311
[2022-01-07 13:06:03.399] [exthost] [warning] [Decorations] CAPPING events from decorations provider vscode.git 311
[2022-01-07 13:06:08.555] [exthost] [warning] [Decorations] CAPPING events from decorations provider vscode.git 311
[2022-01-07 13:06:40.981] [exthost] [warning] [Decorations] CAPPING events from decorations provider vscode.git 311
[2022-01-07 13:06:52.454] [exthost] [warning] [Decorations] CAPPING events from decorations provider vscode.git 311
[2022-01-07 13:06:57.615] [exthost] [warning] [Decorations] CAPPING events from decorations provider vscode.git 311
[2022-01-07 13:07:16.680] [exthost] [warning] [Decorations] CAPPING events from decorations provider vscode.git 311
[2022-01-07 13:07:21.827] [exthost] [warning] [Decorations] CAPPING events from decorations provider vscode.git 311
[2022-01-07 13:07:27.003] [exthost] [warning] [Decorations] CAPPING events from decorations provider vscode.git 311
[2022-01-07 13:07:35.558] [exthost] [warning] [Decorations] CAPPING events from decorations provider vscode.git 311
[2022-01-07 13:07:41.015] [exthost] [warning] [Decorations] CAPPING events from decorations provider vscode.git 311
[2022-01-07 13:07:46.162] [exthost] [warning] [Decorations] CAPPING events from decorations provider vscode.git 311
[2022-01-07 13:07:51.321] [exthost] [warning] [Decorations] CAPPING events from decorations provider vscode.git 311
[2022-01-07 13:07:56.460] [exthost] [warning] [Decorations] CAPPING events from decorations provider vscode.git 311
[2022-01-07 13:08:01.609] [exthost] [warning] [Decorations] CAPPING events from decorations provider vscode.git 311
[2022-01-07 13:09:02.249] [exthost] [warning] [Decorations] CAPPING events from decorations provider vscode.git 311
[2022-01-07 13:09:07.397] [exthost] [warning] [Decorations] CAPPING events from decorations provider vscode.git 311
[2022-01-07 13:09:12.550] [exthost] [warning] [Decorations] CAPPING events from decorations provider vscode.git 311
[2022-01-07 13:09:28.883] [exthost] [warning] [Decorations] CAPPING events from decorations provider vscode.git 311
[2022-01-07 13:09:35.082] [exthost] [warning] [Decorations] CAPPING events from decorations provider vscode.git 311
[2022-01-07 13:09:40.233] [exthost] [warning] [Decorations] CAPPING events from decorations provider vscode.git 311
[2022-01-07 13:09:45.380] [exthost] [warning] [Decorations] CAPPING events from decorations provider vscode.git 311
[2022-01-07 13:09:50.525] [exthost] [warning] [Decorations] CAPPING events from decorations provider vscode.git 311
[2022-01-07 13:09:55.673] [exthost] [warning] [Decorations] CAPPING events from decorations provider vscode.git 311
[2022-01-07 13:10:00.811] [exthost] [warning] [Decorations] CAPPING events from decorations provider vscode.git 311
[2022-01-07 13:10:14.387] [exthost] [warning] [Decorations] CAPPING events from decorations provider vscode.git 311
[2022-01-07 13:10:34.663] [exthost] [warning] [Decorations] CAPPING events from decorations provider vscode.git 311
[2022-01-07 13:10:39.809] [exthost] [warning] [Decorations] CAPPING events from decorations provider vscode.git 311
[2022-01-07 13:10:44.964] [exthost] [warning] [Decorations] CAPPING events from decorations provider vscode.git 311
[2022-01-07 13:10:53.605] [exthost] [warning] [Decorations] CAPPING events from decorations provider vscode.git 311
[2022-01-07 13:10:58.760] [exthost] [warning] [Decorations] CAPPING events from decorations provider vscode.git 311
[2022-01-07 13:11:03.909] [exthost] [warning] [Decorations] CAPPING events from decorations provider vscode.git 311
[2022-01-07 13:11:09.056] [exthost] [warning] [Decorations] CAPPING events from decorations provider vscode.git 311
[2022-01-07 13:12:09.425] [exthost] [warning] [Decorations] CAPPING events from decorations provider vscode.git 311
[2022-01-07 13:12:14.595] [exthost] [warning] [Decorations] CAPPING events from decorations provider vscode.git 311
[2022-01-07 13:12:19.732] [exthost] [warning] [Decorations] CAPPING events from decorations provider vscode.git 311
[2022-01-07 13:12:24.919] [exthost] [warning] [Decorations] CAPPING events from decorations provider vscode.git 311
[2022-01-07 13:12:30.031] [exthost] [warning] [Decorations] CAPPING events from decorations provider vscode.git 311
[2022-01-07 13:12:35.178] [exthost] [warning] [Decorations] CAPPING events from decorations provider vscode.git 311
[2022-01-07 13:12:40.361] [exthost] [warning] [Decorations] CAPPING events from decorations provider vscode.git 311
[2022-01-07 13:12:47.042] [exthost] [warning] [Decorations] CAPPING events from decorations provider vscode.git 311
[2022-01-07 13:12:52.211] [exthost] [warning] [Decorations] CAPPING events from decorations provider vscode.git 311
[2022-01-07 13:13:01.247] [exthost] [warning] [Decorations] CAPPING events from decorations provider vscode.git 311
[2022-01-07 13:13:10.617] [exthost] [warning] [Decorations] CAPPING events from decorations provider vscode.git 311
[2022-01-07 13:13:16.848] [exthost] [warning] [Decorations] CAPPING events from decorations provider vscode.git 311
[2022-01-07 13:13:22.957] [exthost] [warning] [Decorations] CAPPING events from decorations provider vscode.git 311
[2022-01-07 13:13:33.930] [exthost] [warning] [Decorations] CAPPING events from decorations provider vscode.git 311
[2022-01-07 13:13:45.893] [exthost] [warning] [Decorations] CAPPING events from decorations provider vscode.git 311
[2022-01-07 13:13:54.893] [exthost] [warning] [Decorations] CAPPING events from decorations provider vscode.git 311
[2022-01-07 13:14:24.902] [exthost] [warning] [Decorations] CAPPING events from decorations provider vscode.git 311
[2022-01-07 13:14:30.118] [exthost] [warning] [Decorations] CAPPING events from decorations provider vscode.git 311
[2022-01-07 13:14:35.266] [exthost] [warning] [Decorations] CAPPING events from decorations provider vscode.git 311
[2022-01-07 13:14:40.424] [exthost] [warning] [Decorations] CAPPING events from decorations provider vscode.git 311
[2022-01-07 13:17:03.808] [exthost] [warning] [Decorations] CAPPING events from decorations provider vscode.git 311
[2022-01-07 13:17:27.379] [exthost] [warning] [Decorations] CAPPING events from decorations provider vscode.git 311
[2022-01-07 13:18:05.969] [exthost] [warning] [Decorations] CAPPING events from decorations provider vscode.git 311
[2022-01-07 13:18:11.135] [exthost] [warning] [Decorations] CAPPING events from decorations provider vscode.git 311
[2022-01-07 13:18:16.323] [exthost] [warning] [Decorations] CAPPING events from decorations provider vscode.git 311
[2022-01-07 13:18:21.478] [exthost] [warning] [Decorations] CAPPING events from decorations provider vscode.git 311
[2022-01-07 13:18:26.618] [exthost] [warning] [Decorations] CAPPING events from decorations provider vscode.git 311
[2022-01-07 13:18:31.763] [exthost] [warning] [Decorations] CAPPING events from decorations provider vscode.git 311
[2022-01-07 13:18:36.903] [exthost] [warning] [Decorations] CAPPING events from decorations provider vscode.git 311
[2022-01-07 13:18:42.059] [exthost] [warning] [Decorations] CAPPING events from decorations provider vscode.git 311
[2022-01-07 13:18:47.213] [exthost] [warning] [Decorations] CAPPING events from decorations provider vscode.git 311
[2022-01-07 13:18:52.360] [exthost] [warning] [Decorations] CAPPING events from decorations provider vscode.git 311
[2022-01-07 13:18:57.650] [exthost] [warning] [Decorations] CAPPING events from decorations provider vscode.git 311
[2022-01-07 13:19:02.776] [exthost] [warning] [Decorations] CAPPING events from decorations provider vscode.git 311
[2022-01-07 13:19:29.266] [exthost] [warning] [Decorations] CAPPING events from decorations provider vscode.git 311
[2022-01-07 13:19:47.864] [exthost] [warning] [Decorations] CAPPING events from decorations provider vscode.git 311
[2022-01-07 13:21:40.536] [exthost] [warning] [Decorations] CAPPING events from decorations provider vscode.git 311
[2022-01-07 13:21:45.689] [exthost] [warning] [Decorations] CAPPING events from decorations provider vscode.git 311
[2022-01-07 13:21:50.830] [exthost] [warning] [Decorations] CAPPING events from decorations provider vscode.git 311
[2022-01-07 13:21:56.924] [exthost] [warning] [Decorations] CAPPING events from decorations provider vscode.git 311
[2022-01-07 13:23:37.357] [exthost] [warning] [Decorations] CAPPING events from decorations provider vscode.git 311
[2022-01-07 13:23:42.518] [exthost] [warning] [Decorations] CAPPING events from decorations provider vscode.git 311
[2022-01-07 13:23:57.127] [exthost] [warning] [Decorations] CAPPING events from decorations provider vscode.git 311
[2022-01-07 13:24:24.080] [exthost] [warning] [Decorations] CAPPING events from decorations provider vscode.git 311
[2022-01-07 13:24:29.227] [exthost] [warning] [Decorations] CAPPING events from decorations provider vscode.git 311
[2022-01-07 13:24:34.373] [exthost] [warning] [Decorations] CAPPING events from decorations provider vscode.git 311
[2022-01-07 13:24:39.523] [exthost] [warning] [Decorations] CAPPING events from decorations provider vscode.git 311
[2022-01-07 13:24:44.642] [exthost] [warning] [Decorations] CAPPING events from decorations provider vscode.git 311
[2022-01-07 13:24:49.788] [exthost] [warning] [Decorations] CAPPING events from decorations provider vscode.git 311
[2022-01-07 13:24:54.905] [exthost] [warning] [Decorations] CAPPING events from decorations provider vscode.git 311
[2022-01-07 13:25:00.055] [exthost] [warning] [Decorations] CAPPING events from decorations provider vscode.git 311
[2022-01-07 13:25:08.567] [exthost] [warning] [Decorations] CAPPING events from decorations provider vscode.git 311
[2022-01-07 13:25:13.711] [exthost] [warning] [Decorations] CAPPING events from decorations provider vscode.git 311
[2022-01-07 13:25:51.442] [exthost] [warning] [Decorations] CAPPING events from decorations provider vscode.git 311
[2022-01-07 13:25:56.599] [exthost] [warning] [Decorations] CAPPING events from decorations provider vscode.git 311
[2022-01-07 13:26:01.752] [exthost] [warning] [Decorations] CAPPING events from decorations provider vscode.git 311
[2022-01-07 13:26:06.902] [exthost] [warning] [Decorations] CAPPING events from decorations provider vscode.git 311
[2022-01-07 13:26:12.044] [exthost] [warning] [Decorations] CAPPING events from decorations provider vscode.git 311
[2022-01-07 13:26:17.191] [exthost] [warning] [Decorations] CAPPING events from decorations provider vscode.git 311
[2022-01-07 13:26:22.339] [exthost] [warning] [Decorations] CAPPING events from decorations provider vscode.git 311
[2022-01-07 13:26:27.490] [exthost] [warning] [Decorations] CAPPING events from decorations provider vscode.git 311
[2022-01-07 13:26:32.633] [exthost] [warning] [Decorations] CAPPING events from decorations provider vscode.git 311
[2022-01-07 13:26:37.779] [exthost] [warning] [Decorations] CAPPING events from decorations provider vscode.git 311
[2022-01-07 13:26:42.947] [exthost] [warning] [Decorations] CAPPING events from decorations provider vscode.git 311
[2022-01-07 13:26:48.094] [exthost] [warning] [Decorations] CAPPING events from decorations provider vscode.git 311
[2022-01-07 13:27:11.780] [exthost] [warning] [Decorations] CAPPING events from decorations provider vscode.git 311
[2022-01-07 13:27:16.922] [exthost] [warning] [Decorations] CAPPING events from decorations provider vscode.git 311
[2022-01-07 13:27:22.093] [exthost] [warning] [Decorations] CAPPING events from decorations provider vscode.git 311
[2022-01-07 13:27:27.284] [exthost] [warning] [Decorations] CAPPING events from decorations provider vscode.git 311
[2022-01-07 13:27:32.433] [exthost] [warning] [Decorations] CAPPING events from decorations provider vscode.git 311
[2022-01-07 13:27:37.591] [exthost] [warning] [Decorations] CAPPING events from decorations provider vscode.git 311
[2022-01-07 13:27:42.739] [exthost] [warning] [Decorations] CAPPING events from decorations provider vscode.git 311
[2022-01-07 13:27:47.901] [exthost] [warning] [Decorations] CAPPING events from decorations provider vscode.git 311
[2022-01-07 13:27:53.055] [exthost] [warning] [Decorations] CAPPING events from decorations provider vscode.git 311
[2022-01-07 13:27:58.212] [exthost] [warning] [Decorations] CAPPING events from decorations provider vscode.git 311
[2022-01-07 13:28:03.370] [exthost] [warning] [Decorations] CAPPING events from decorations provider vscode.git 311
[2022-01-07 13:28:08.530] [exthost] [warning] [Decorations] CAPPING events from decorations provider vscode.git 311
[2022-01-07 13:28:13.673] [exthost] [warning] [Decorations] CAPPING events from decorations provider vscode.git 311
[2022-01-07 13:28:18.839] [exthost] [warning] [Decorations] CAPPING events from decorations provider vscode.git 311
[2022-01-07 13:28:23.994] [exthost] [warning] [Decorations] CAPPING events from decorations provider vscode.git 311
[2022-01-07 13:28:31.391] [exthost] [warning] [Decorations] CAPPING events from decorations provider vscode.git 311
[2022-01-07 13:28:36.550] [exthost] [warning] [Decorations] CAPPING events from decorations provider vscode.git 311
[2022-01-07 13:28:43.902] [exthost] [warning] [Decorations] CAPPING events from decorations provider vscode.git 311
[2022-01-07 13:28:49.056] [exthost] [warning] [Decorations] CAPPING events from decorations provider vscode.git 311
[2022-01-07 13:29:04.299] [exthost] [warning] [Decorations] CAPPING events from decorations provider vscode.git 311
[2022-01-07 13:29:32.483] [exthost] [warning] [Decorations] CAPPING events from decorations provider vscode.git 311
[2022-01-07 13:30:17.635] [exthost] [warning] [Decorations] CAPPING events from decorations provider vscode.git 311
[2022-01-07 13:30:22.789] [exthost] [warning] [Decorations] CAPPING events from decorations provider vscode.git 311
[2022-01-07 13:31:52.182] [exthost] [warning] [Decorations] CAPPING events from decorations provider vscode.git 311
[2022-01-07 13:31:57.335] [exthost] [warning] [Decorations] CAPPING events from decorations provider vscode.git 311
[2022-01-07 13:32:02.494] [exthost] [warning] [Decorations] CAPPING events from decorations provider vscode.git 311
[2022-01-07 13:32:07.651] [exthost] [warning] [Decorations] CAPPING events from decorations provider vscode.git 311
[2022-01-07 13:32:12.806] [exthost] [warning] [Decorations] CAPPING events from decorations provider vscode.git 311
[2022-01-07 13:32:17.954] [exthost] [warning] [Decorations] CAPPING events from decorations provider vscode.git 311
[2022-01-07 13:32:23.091] [exthost] [warning] [Decorations] CAPPING events from decorations provider vscode.git 311
[2022-01-07 13:32:28.242] [exthost] [warning] [Decorations] CAPPING events from decorations provider vscode.git 311
[2022-01-07 13:32:33.390] [exthost] [warning] [Decorations] CAPPING events from decorations provider vscode.git 311
[2022-01-07 13:32:38.547] [exthost] [warning] [Decorations] CAPPING events from decorations provider vscode.git 311
[2022-01-07 13:32:43.701] [exthost] [warning] [Decorations] CAPPING events from decorations provider vscode.git 311
[2022-01-07 13:32:48.848] [exthost] [warning] [Decorations] CAPPING events from decorations provider vscode.git 311
[2022-01-07 13:32:54.021] [exthost] [warning] [Decorations] CAPPING events from decorations provider vscode.git 311
[2022-01-07 13:32:59.174] [exthost] [warning] [Decorations] CAPPING events from decorations provider vscode.git 311
[2022-01-07 13:33:04.325] [exthost] [warning] [Decorations] CAPPING events from decorations provider vscode.git 311
[2022-01-07 13:33:09.489] [exthost] [warning] [Decorations] CAPPING events from decorations provider vscode.git 311
[2022-01-07 13:33:14.642] [exthost] [warning] [Decorations] CAPPING events from decorations provider vscode.git 311
[2022-01-07 13:33:19.795] [exthost] [warning] [Decorations] CAPPING events from decorations provider vscode.git 311
[2022-01-07 13:33:24.947] [exthost] [warning] [Decorations] CAPPING events from decorations provider vscode.git 311
[2022-01-07 13:33:30.111] [exthost] [warning] [Decorations] CAPPING events from decorations provider vscode.git 311
[2022-01-07 13:33:35.241] [exthost] [warning] [Decorations] CAPPING events from decorations provider vscode.git 311
[2022-01-07 13:33:40.387] [exthost] [warning] [Decorations] CAPPING events from decorations provider vscode.git 311
[2022-01-07 13:33:45.536] [exthost] [warning] [Decorations] CAPPING events from decorations provider vscode.git 311
[2022-01-07 13:33:50.704] [exthost] [warning] [Decorations] CAPPING events from decorations provider vscode.git 311
[2022-01-07 13:33:55.838] [exthost] [warning] [Decorations] CAPPING events from decorations provider vscode.git 311
[2022-01-07 13:34:00.988] [exthost] [warning] [Decorations] CAPPING events from decorations provider vscode.git 311
[2022-01-07 13:34:06.146] [exthost] [warning] [Decorations] CAPPING events from decorations provider vscode.git 311
[2022-01-07 13:34:11.301] [exthost] [warning] [Decorations] CAPPING events from decorations provider vscode.git 311
[2022-01-07 13:34:16.444] [exthost] [warning] [Decorations] CAPPING events from decorations provider vscode.git 311
[2022-01-07 13:34:21.599] [exthost] [warning] [Decorations] CAPPING events from decorations provider vscode.git 311
[2022-01-07 13:34:26.755] [exthost] [warning] [Decorations] CAPPING events from decorations provider vscode.git 311
[2022-01-07 13:34:31.915] [exthost] [warning] [Decorations] CAPPING events from decorations provider vscode.git 311
[2022-01-07 13:34:37.065] [exthost] [warning] [Decorations] CAPPING events from decorations provider vscode.git 311
[2022-01-07 13:34:42.214] [exthost] [warning] [Decorations] CAPPING events from decorations provider vscode.git 311
[2022-01-07 13:34:47.368] [exthost] [warning] [Decorations] CAPPING events from decorations provider vscode.git 311
[2022-01-07 13:34:52.500] [exthost] [warning] [Decorations] CAPPING events from decorations provider vscode.git 311
[2022-01-07 13:34:57.652] [exthost] [warning] [Decorations] CAPPING events from decorations provider vscode.git 311
[2022-01-07 13:35:02.799] [exthost] [warning] [Decorations] CAPPING events from decorations provider vscode.git 311
[2022-01-07 13:35:07.952] [exthost] [warning] [Decorations] CAPPING events from decorations provider vscode.git 311
[2022-01-07 13:35:13.113] [exthost] [warning] [Decorations] CAPPING events from decorations provider vscode.git 311
[2022-01-07 13:35:18.269] [exthost] [warning] [Decorations] CAPPING events from decorations provider vscode.git 311
[2022-01-07 13:35:23.423] [exthost] [warning] [Decorations] CAPPING events from decorations provider vscode.git 311
[2022-01-07 13:35:28.581] [exthost] [warning] [Decorations] CAPPING events from decorations provider vscode.git 311
[2022-01-07 13:35:33.711] [exthost] [warning] [Decorations] CAPPING events from decorations provider vscode.git 311
[2022-01-07 13:35:38.837] [exthost] [warning] [Decorations] CAPPING events from decorations provider vscode.git 311
[2022-01-07 13:35:43.980] [exthost] [warning] [Decorations] CAPPING events from decorations provider vscode.git 311
[2022-01-07 13:35:49.131] [exthost] [warning] [Decorations] CAPPING events from decorations provider vscode.git 311
[2022-01-07 13:35:54.279] [exthost] [warning] [Decorations] CAPPING events from decorations provider vscode.git 311
[2022-01-07 13:35:59.435] [exthost] [warning] [Decorations] CAPPING events from decorations provider vscode.git 311
[2022-01-07 13:36:04.596] [exthost] [warning] [Decorations] CAPPING events from decorations provider vscode.git 311
[2022-01-07 13:36:09.747] [exthost] [warning] [Decorations] CAPPING events from decorations provider vscode.git 311
[2022-01-07 13:36:14.896] [exthost] [warning] [Decorations] CAPPING events from decorations provider vscode.git 311
[2022-01-07 13:36:20.078] [exthost] [warning] [Decorations] CAPPING events from decorations provider vscode.git 311
[2022-01-07 13:36:25.235] [exthost] [warning] [Decorations] CAPPING events from decorations provider vscode.git 311
[2022-01-07 13:36:30.394] [exthost] [warning] [Decorations] CAPPING events from decorations provider vscode.git 311
[2022-01-07 13:36:35.551] [exthost] [warning] [Decorations] CAPPING events from decorations provider vscode.git 311
[2022-01-07 13:36:40.710] [exthost] [warning] [Decorations] CAPPING events from decorations provider vscode.git 311
[2022-01-07 13:36:45.866] [exthost] [warning] [Decorations] CAPPING events from decorations provider vscode.git 311
[2022-01-07 13:36:50.995] [exthost] [warning] [Decorations] CAPPING events from decorations provider vscode.git 311
[2022-01-07 13:36:56.145] [exthost] [warning] [Decorations] CAPPING events from decorations provider vscode.git 311
[2022-01-07 13:37:01.257] [exthost] [warning] [Decorations] CAPPING events from decorations provider vscode.git 311
[2022-01-07 13:37:06.406] [exthost] [warning] [Decorations] CAPPING events from decorations provider vscode.git 311
[2022-01-07 13:37:11.557] [exthost] [warning] [Decorations] CAPPING events from decorations provider vscode.git 311
[2022-01-07 13:37:16.714] [exthost] [warning] [Decorations] CAPPING events from decorations provider vscode.git 311
[2022-01-07 13:37:21.867] [exthost] [warning] [Decorations] CAPPING events from decorations provider vscode.git 311
[2022-01-07 13:37:27.025] [exthost] [warning] [Decorations] CAPPING events from decorations provider vscode.git 311
[2022-01-07 13:37:32.173] [exthost] [warning] [Decorations] CAPPING events from decorations provider vscode.git 311
[2022-01-07 13:37:37.312] [exthost] [warning] [Decorations] CAPPING events from decorations provider vscode.git 311
[2022-01-07 13:37:42.460] [exthost] [warning] [Decorations] CAPPING events from decorations provider vscode.git 311
[2022-01-07 13:37:47.629] [exthost] [warning] [Decorations] CAPPING events from decorations provider vscode.git 311
[2022-01-07 13:37:52.786] [exthost] [warning] [Decorations] CAPPING events from decorations provider vscode.git 311
[2022-01-07 13:37:57.937] [exthost] [warning] [Decorations] CAPPING events from decorations provider vscode.git 311
[2022-01-07 13:38:03.092] [exthost] [warning] [Decorations] CAPPING events from decorations provider vscode.git 311
[2022-01-07 13:38:08.252] [exthost] [warning] [Decorations] CAPPING events from decorations provider vscode.git 311
[2022-01-07 13:38:13.390] [exthost] [warning] [Decorations] CAPPING events from decorations provider vscode.git 311
[2022-01-07 13:38:18.544] [exthost] [warning] [Decorations] CAPPING events from decorations provider vscode.git 311
[2022-01-07 13:38:23.674] [exthost] [warning] [Decorations] CAPPING events from decorations provider vscode.git 311
[2022-01-07 13:38:28.825] [exthost] [warning] [Decorations] CAPPING events from decorations provider vscode.git 311
[2022-01-07 13:38:33.977] [exthost] [warning] [Decorations] CAPPING events from decorations provider vscode.git 311
[2022-01-07 13:38:39.127] [exthost] [warning] [Decorations] CAPPING events from decorations provider vscode.git 311
[2022-01-07 13:38:44.275] [exthost] [warning] [Decorations] CAPPING events from decorations provider vscode.git 311
[2022-01-07 13:38:49.441] [exthost] [warning] [Decorations] CAPPING events from decorations provider vscode.git 311
[2022-01-07 13:38:54.597] [exthost] [warning] [Decorations] CAPPING events from decorations provider vscode.git 311
[2022-01-07 13:38:59.750] [exthost] [warning] [Decorations] CAPPING events from decorations provider vscode.git 311
[2022-01-07 13:39:04.895] [exthost] [warning] [Decorations] CAPPING events from decorations provider vscode.git 311
[2022-01-07 13:39:10.052] [exthost] [warning] [Decorations] CAPPING events from decorations provider vscode.git 311
[2022-01-07 13:39:15.210] [exthost] [warning] [Decorations] CAPPING events from decorations provider vscode.git 311
[2022-01-07 13:39:20.363] [exthost] [warning] [Decorations] CAPPING events from decorations provider vscode.git 311
[2022-01-07 13:39:25.549] [exthost] [warning] [Decorations] CAPPING events from decorations provider vscode.git 311
[2022-01-07 13:39:30.704] [exthost] [warning] [Decorations] CAPPING events from decorations provider vscode.git 311
[2022-01-07 13:39:35.852] [exthost] [warning] [Decorations] CAPPING events from decorations provider vscode.git 311
[2022-01-07 13:39:40.998] [exthost] [warning] [Decorations] CAPPING events from decorations provider vscode.git 311
[2022-01-07 13:39:46.157] [exthost] [warning] [Decorations] CAPPING events from decorations provider vscode.git 311
[2022-01-07 13:39:51.339] [exthost] [warning] [Decorations] CAPPING events from decorations provider vscode.git 311
[2022-01-07 13:39:56.488] [exthost] [warning] [Decorations] CAPPING events from decorations provider vscode.git 311
[2022-01-07 13:40:01.626] [exthost] [warning] [Decorations] CAPPING events from decorations provider vscode.git 311
[2022-01-07 13:40:06.774] [exthost] [warning] [Decorations] CAPPING events from decorations provider vscode.git 311
[2022-01-07 13:40:11.928] [exthost] [warning] [Decorations] CAPPING events from decorations provider vscode.git 311
[2022-01-07 13:40:17.088] [exthost] [warning] [Decorations] CAPPING events from decorations provider vscode.git 311
[2022-01-07 13:40:22.263] [exthost] [warning] [Decorations] CAPPING events from decorations provider vscode.git 311
[2022-01-07 13:40:27.421] [exthost] [warning] [Decorations] CAPPING events from decorations provider vscode.git 311
[2022-01-07 13:40:32.575] [exthost] [warning] [Decorations] CAPPING events from decorations provider vscode.git 311
[2022-01-07 13:40:37.733] [exthost] [warning] [Decorations] CAPPING events from decorations provider vscode.git 311
[2022-01-07 13:40:42.880] [exthost] [warning] [Decorations] CAPPING events from decorations provider vscode.git 311
[2022-01-07 13:40:56.239] [exthost] [warning] [Decorations] CAPPING events from decorations provider vscode.git 311
[2022-01-07 13:41:01.388] [exthost] [warning] [Decorations] CAPPING events from decorations provider vscode.git 311
[2022-01-07 13:41:06.536] [exthost] [warning] [Decorations] CAPPING events from decorations provider vscode.git 311
[2022-01-07 13:41:11.690] [exthost] [warning] [Decorations] CAPPING events from decorations provider vscode.git 314
[2022-01-07 13:41:16.852] [exthost] [warning] [Decorations] CAPPING events from decorations provider vscode.git 314
[2022-01-07 13:41:17.315] [exthost] [info] ExtensionService#_doActivateExtension vscode.configuration-editing, startup: false, activationEvent: 'onLanguage:json'
[2022-01-07 13:41:17.338] [exthost] [info] ExtensionService#_doActivateExtension vscode.extension-editing, startup: false, activationEvent: 'onLanguage:json'
[2022-01-07 13:41:17.369] [exthost] [info] ExtensionService#_doActivateExtension vscode.json-language-features, startup: false, activationEvent: 'onLanguage:json'
[2022-01-07 13:41:49.822] [exthost] [warning] [Decorations] CAPPING events from decorations provider vscode.git 315
