0 verbose cli [
0 verbose cli   '/root/.nvm/versions/node/v17.3.0/bin/node',
0 verbose cli   '/root/.nvm/versions/node/v17.3.0/bin/npm',
0 verbose cli   'install',
0 verbose cli   'body-parser'
0 verbose cli ]
1 info using npm@8.3.0
2 info using node@v17.3.0
3 timing npm:load:whichnode Completed in 0ms
4 timing config:load:defaults Completed in 2ms
5 timing config:load:file:/root/.nvm/versions/node/v17.3.0/lib/node_modules/npm/npmrc Completed in 4ms
6 timing config:load:builtin Completed in 4ms
7 timing config:load:cli Completed in 2ms
8 timing config:load:env Completed in 0ms
9 timing config:load:project Completed in 1ms
10 timing config:load:file:/root/.npmrc Completed in 6ms
11 timing config:load:user Completed in 6ms
12 timing config:load:file:/root/.nvm/versions/node/v17.3.0/etc/npmrc Completed in 3ms
13 timing config:load:global Completed in 3ms
14 timing config:load:validate Completed in 0ms
15 timing config:load:credentials Completed in 2ms
16 timing config:load:setEnvs Completed in 1ms
17 timing config:load Completed in 21ms
18 timing npm:load:configload Completed in 21ms
19 timing npm:load:setTitle Completed in 0ms
20 timing config:load:flatten Completed in 3ms
21 timing npm:load:display Completed in 5ms
22 verbose logfile /root/.npm/_logs/2022-01-06T16_36_11_182Z-debug-0.log
23 timing npm:load:logFile Completed in 6ms
24 timing npm:load:timers Completed in 0ms
25 timing npm:load:configScope Completed in 0ms
26 timing npm:load Completed in 32ms
27 timing arborist:ctor Completed in 1ms
28 silly logfile start cleaning logs, removing 2 files
29 timing idealTree:init Completed in 57ms
30 timing idealTree:userRequests Completed in 2ms
31 silly idealTree buildDeps
32 silly fetch manifest body-parser@*
33 timing arborist:ctor Completed in 0ms
34 http fetch GET 200 https://registry.npmjs.org/body-parser 215ms (cache revalidated)
35 silly placeDep ROOT body-parser@1.19.1 REPLACE for:  want: *
36 timing idealTree:#root Completed in 225ms
37 timing idealTree:node_modules/body-parser Completed in 0ms
38 timing idealTree:buildDeps Completed in 225ms
39 timing idealTree:fixDepFlags Completed in 1ms
40 timing idealTree Completed in 287ms
41 timing reify:loadTrees Completed in 288ms
42 timing reify:diffTrees Completed in 3ms
43 silly reify moves {}
44 timing reify:retireShallow Completed in 0ms
45 timing reify:createSparse Completed in 0ms
46 timing reify:loadBundles Completed in 0ms
47 silly audit bulk request {
47 silly audit   accepts: [ '1.3.7' ],
47 silly audit   'array-flatten': [ '1.1.1' ],
47 silly audit   'bignumber.js': [ '9.0.0' ],
47 silly audit   bytes: [ '3.1.1' ],
47 silly audit   'content-disposition': [ '0.5.4' ],
47 silly audit   'content-type': [ '1.0.4' ],
47 silly audit   cookie: [ '0.4.1' ],
47 silly audit   'cookie-signature': [ '1.0.6' ],
47 silly audit   'core-util-is': [ '1.0.3' ],
47 silly audit   debug: [ '2.6.9' ],
47 silly audit   depd: [ '1.1.2' ],
47 silly audit   destroy: [ '1.0.4' ],
47 silly audit   'ee-first': [ '1.1.1' ],
47 silly audit   encodeurl: [ '1.0.2' ],
47 silly audit   'escape-html': [ '1.0.3' ],
47 silly audit   etag: [ '1.8.1' ],
47 silly audit   express: [ '4.17.2' ],
47 silly audit   finalhandler: [ '1.1.2' ],
47 silly audit   forwarded: [ '0.2.0' ],
47 silly audit   fresh: [ '0.5.2' ],
47 silly audit   'http-errors': [ '1.8.1' ],
47 silly audit   'iconv-lite': [ '0.4.24' ],
47 silly audit   inherits: [ '2.0.4' ],
47 silly audit   'ipaddr.js': [ '1.9.1' ],
47 silly audit   isarray: [ '1.0.0' ],
47 silly audit   'media-typer': [ '0.3.0' ],
47 silly audit   'merge-descriptors': [ '1.0.1' ],
47 silly audit   methods: [ '1.1.2' ],
47 silly audit   mime: [ '1.6.0' ],
47 silly audit   'mime-db': [ '1.51.0' ],
47 silly audit   'mime-types': [ '2.1.34' ],
47 silly audit   ms: [ '2.0.0', '2.1.3' ],
47 silly audit   mysql: [ '2.18.1' ],
47 silly audit   'safe-buffer': [ '5.1.2', '5.2.1' ],
47 silly audit   negotiator: [ '0.6.2' ],
47 silly audit   'on-finished': [ '2.3.0' ],
47 silly audit   parseurl: [ '1.3.3' ],
47 silly audit   'path-to-regexp': [ '0.1.7' ],
47 silly audit   'process-nextick-args': [ '2.0.1' ],
47 silly audit   'proxy-addr': [ '2.0.7' ],
47 silly audit   qs: [ '6.9.6' ],
47 silly audit   'range-parser': [ '1.2.1' ],
47 silly audit   'raw-body': [ '2.4.2' ],
47 silly audit   'readable-stream': [ '2.3.7' ],
47 silly audit   'safer-buffer': [ '2.1.2' ],
47 silly audit   send: [ '0.17.2' ],
47 silly audit   'serve-static': [ '1.14.2' ],
47 silly audit   setprototypeof: [ '1.2.0' ],
47 silly audit   sqlstring: [ '2.3.1' ],
47 silly audit   statuses: [ '1.5.0' ],
47 silly audit   string_decoder: [ '1.1.1' ],
47 silly audit   toidentifier: [ '1.0.1' ],
47 silly audit   'type-is': [ '1.6.18' ],
47 silly audit   unpipe: [ '1.0.0' ],
47 silly audit   'util-deprecate': [ '1.0.2' ],
47 silly audit   'utils-merge': [ '1.0.1' ],
47 silly audit   vary: [ '1.1.2' ],
47 silly audit   'body-parser': [ '1.19.1' ]
47 silly audit }
48 timing reify:unpack Completed in 1ms
49 timing reify:unretire Completed in 0ms
50 timing build:queue Completed in 0ms
51 timing build:deps Completed in 0ms
52 timing build Completed in 1ms
53 timing reify:build Completed in 1ms
54 timing reify:trash Completed in 0ms
55 timing reify:save Completed in 17ms
56 http fetch POST 200 https://registry.npmjs.org/-/npm/v1/security/advisories/bulk 282ms
57 timing auditReport:getReport Completed in 286ms
58 silly audit report {}
59 timing auditReport:init Completed in 0ms
60 timing reify:audit Completed in 287ms
61 timing reify Completed in 592ms
62 timing command:install Completed in 601ms
63 verbose exit 0
64 timing npm Completed in 799ms
65 info ok
