0 verbose cli [
0 verbose cli   '/root/.nvm/versions/node/v17.3.0/bin/node',
0 verbose cli   '/root/.nvm/versions/node/v17.3.0/bin/npm',
0 verbose cli   'install',
0 verbose cli   'mysql'
0 verbose cli ]
1 info using npm@8.3.0
2 info using node@v17.3.0
3 timing npm:load:whichnode Completed in 0ms
4 timing config:load:defaults Completed in 2ms
5 timing config:load:file:/root/.nvm/versions/node/v17.3.0/lib/node_modules/npm/npmrc Completed in 0ms
6 timing config:load:builtin Completed in 1ms
7 timing config:load:cli Completed in 4ms
8 timing config:load:env Completed in 1ms
9 timing config:load:project Completed in 1ms
10 timing config:load:file:/root/.npmrc Completed in 0ms
11 timing config:load:user Completed in 0ms
12 timing config:load:file:/root/.nvm/versions/node/v17.3.0/etc/npmrc Completed in 6ms
13 timing config:load:global Completed in 7ms
14 timing config:load:validate Completed in 0ms
15 timing config:load:credentials Completed in 1ms
16 timing config:load:setEnvs Completed in 1ms
17 timing config:load Completed in 18ms
18 timing npm:load:configload Completed in 18ms
19 timing npm:load:setTitle Completed in 1ms
20 timing config:load:flatten Completed in 2ms
21 timing npm:load:display Completed in 4ms
22 verbose logfile /root/.npm/_logs/2022-01-06T13_15_54_045Z-debug-0.log
23 timing npm:load:logFile Completed in 6ms
24 timing npm:load:timers Completed in 0ms
25 timing npm:load:configScope Completed in 0ms
26 timing npm:load Completed in 29ms
27 timing arborist:ctor Completed in 1ms
28 timing idealTree:init Completed in 86ms
29 timing idealTree:userRequests Completed in 2ms
30 silly idealTree buildDeps
31 silly fetch manifest mysql@^2.18.1
32 timing arborist:ctor Completed in 0ms
33 http fetch GET 200 https://registry.npmjs.org/mysql 73ms (cache hit)
34 silly placeDep ROOT mysql@2.18.1 REPLACE for:  want: ^2.18.1
35 timing idealTree:#root Completed in 87ms
36 timing idealTree:node_modules/mysql Completed in 0ms
37 timing idealTree:buildDeps Completed in 90ms
38 timing idealTree:fixDepFlags Completed in 1ms
39 timing idealTree Completed in 183ms
40 timing reify:loadTrees Completed in 184ms
41 timing reify:diffTrees Completed in 5ms
42 silly reify moves {}
43 timing reify:retireShallow Completed in 0ms
44 timing reify:createSparse Completed in 0ms
45 timing reify:loadBundles Completed in 0ms
46 silly audit bulk request {
46 silly audit   accepts: [ '1.3.7' ],
46 silly audit   'array-flatten': [ '1.1.1' ],
46 silly audit   'bignumber.js': [ '9.0.0' ],
46 silly audit   'body-parser': [ '1.19.1' ],
46 silly audit   bytes: [ '3.1.1' ],
46 silly audit   'content-disposition': [ '0.5.4' ],
46 silly audit   'content-type': [ '1.0.4' ],
46 silly audit   cookie: [ '0.4.1' ],
46 silly audit   'cookie-signature': [ '1.0.6' ],
46 silly audit   'core-util-is': [ '1.0.3' ],
46 silly audit   debug: [ '2.6.9' ],
46 silly audit   depd: [ '1.1.2' ],
46 silly audit   destroy: [ '1.0.4' ],
46 silly audit   'ee-first': [ '1.1.1' ],
46 silly audit   encodeurl: [ '1.0.2' ],
46 silly audit   'escape-html': [ '1.0.3' ],
46 silly audit   etag: [ '1.8.1' ],
46 silly audit   express: [ '4.17.2' ],
46 silly audit   finalhandler: [ '1.1.2' ],
46 silly audit   forwarded: [ '0.2.0' ],
46 silly audit   fresh: [ '0.5.2' ],
46 silly audit   'http-errors': [ '1.8.1' ],
46 silly audit   'iconv-lite': [ '0.4.24' ],
46 silly audit   inherits: [ '2.0.4' ],
46 silly audit   'ipaddr.js': [ '1.9.1' ],
46 silly audit   isarray: [ '1.0.0' ],
46 silly audit   'media-typer': [ '0.3.0' ],
46 silly audit   'merge-descriptors': [ '1.0.1' ],
46 silly audit   methods: [ '1.1.2' ],
46 silly audit   mime: [ '1.6.0' ],
46 silly audit   'mime-db': [ '1.51.0' ],
46 silly audit   'mime-types': [ '2.1.34' ],
46 silly audit   ms: [ '2.0.0', '2.1.3' ],
46 silly audit   'safe-buffer': [ '5.1.2', '5.2.1' ],
46 silly audit   negotiator: [ '0.6.2' ],
46 silly audit   'on-finished': [ '2.3.0' ],
46 silly audit   parseurl: [ '1.3.3' ],
46 silly audit   'path-to-regexp': [ '0.1.7' ],
46 silly audit   'process-nextick-args': [ '2.0.1' ],
46 silly audit   'proxy-addr': [ '2.0.7' ],
46 silly audit   qs: [ '6.9.6' ],
46 silly audit   'range-parser': [ '1.2.1' ],
46 silly audit   'raw-body': [ '2.4.2' ],
46 silly audit   'readable-stream': [ '2.3.7' ],
46 silly audit   'safer-buffer': [ '2.1.2' ],
46 silly audit   send: [ '0.17.2' ],
46 silly audit   'serve-static': [ '1.14.2' ],
46 silly audit   setprototypeof: [ '1.2.0' ],
46 silly audit   sqlstring: [ '2.3.1' ],
46 silly audit   statuses: [ '1.5.0' ],
46 silly audit   string_decoder: [ '1.1.1' ],
46 silly audit   toidentifier: [ '1.0.1' ],
46 silly audit   'type-is': [ '1.6.18' ],
46 silly audit   unpipe: [ '1.0.0' ],
46 silly audit   'util-deprecate': [ '1.0.2' ],
46 silly audit   'utils-merge': [ '1.0.1' ],
46 silly audit   vary: [ '1.1.2' ],
46 silly audit   mysql: [ '2.18.1' ]
46 silly audit }
47 timing reify:unpack Completed in 3ms
48 timing reify:unretire Completed in 0ms
49 timing build:queue Completed in 0ms
50 timing build:deps Completed in 0ms
51 timing build Completed in 0ms
52 timing reify:build Completed in 0ms
53 timing reify:trash Completed in 0ms
54 timing reify:save Completed in 19ms
55 http fetch POST 200 https://registry.npmjs.org/-/npm/v1/security/advisories/bulk 900ms
56 timing auditReport:getReport Completed in 904ms
57 silly audit report {}
58 timing auditReport:init Completed in 0ms
59 timing reify:audit Completed in 905ms
60 timing reify Completed in 1107ms
61 timing command:install Completed in 1117ms
62 verbose exit 0
63 timing npm Completed in 1348ms
64 info ok
