0 verbose cli [
0 verbose cli   '/root/.nvm/versions/node/v17.3.0/bin/node',
0 verbose cli   '/root/.nvm/versions/node/v17.3.0/bin/npm',
0 verbose cli   'install',
0 verbose cli   'mysql'
0 verbose cli ]
1 info using npm@8.3.0
2 info using node@v17.3.0
3 timing npm:load:whichnode Completed in 0ms
4 timing config:load:defaults Completed in 1ms
5 timing config:load:file:/root/.nvm/versions/node/v17.3.0/lib/node_modules/npm/npmrc Completed in 4ms
6 timing config:load:builtin Completed in 5ms
7 timing config:load:cli Completed in 1ms
8 timing config:load:env Completed in 0ms
9 timing config:load:project Completed in 1ms
10 timing config:load:file:/root/.npmrc Completed in 4ms
11 timing config:load:user Completed in 4ms
12 timing config:load:file:/root/.nvm/versions/node/v17.3.0/etc/npmrc Completed in 0ms
13 timing config:load:global Completed in 0ms
14 timing config:load:validate Completed in 1ms
15 timing config:load:credentials Completed in 1ms
16 timing config:load:setEnvs Completed in 1ms
17 timing config:load Completed in 16ms
18 timing npm:load:configload Completed in 16ms
19 timing npm:load:setTitle Completed in 0ms
20 timing config:load:flatten Completed in 3ms
21 timing npm:load:display Completed in 5ms
22 verbose logfile /root/.npm/_logs/2022-01-06T13_13_17_113Z-debug-0.log
23 timing npm:load:logFile Completed in 5ms
24 timing npm:load:timers Completed in 0ms
25 timing npm:load:configScope Completed in 0ms
26 timing npm:load Completed in 27ms
27 timing arborist:ctor Completed in 1ms
28 timing idealTree:init Completed in 48ms
29 timing idealTree:userRequests Completed in 2ms
30 silly idealTree buildDeps
31 silly fetch manifest mysql@*
32 timing arborist:ctor Completed in 0ms
33 http fetch GET 200 https://registry.npmjs.org/mysql 216ms (cache miss)
34 silly placeDep ROOT mysql@2.18.1 OK for:  want: *
35 silly fetch manifest bignumber.js@9.0.0
36 silly fetch manifest readable-stream@2.3.7
37 silly fetch manifest safe-buffer@5.1.2
38 silly fetch manifest sqlstring@2.3.1
39 http fetch GET 200 https://registry.npmjs.org/bignumber.js 42ms (cache miss)
40 http fetch GET 200 https://registry.npmjs.org/sqlstring 91ms (cache miss)
41 http fetch GET 200 https://registry.npmjs.org/readable-stream 96ms (cache miss)
42 http fetch GET 200 https://registry.npmjs.org/safe-buffer 124ms (cache revalidated)
43 timing idealTree:#root Completed in 355ms
44 silly placeDep ROOT bignumber.js@9.0.0 OK for: mysql@2.18.1 want: 9.0.0
45 silly placeDep ROOT readable-stream@2.3.7 OK for: mysql@2.18.1 want: 2.3.7
46 silly placeDep node_modules/mysql safe-buffer@5.1.2 OK for: mysql@2.18.1 want: 5.1.2
47 silly placeDep ROOT sqlstring@2.3.1 OK for: mysql@2.18.1 want: 2.3.1
48 silly fetch manifest core-util-is@~1.0.0
49 silly fetch manifest isarray@~1.0.0
50 silly fetch manifest process-nextick-args@~2.0.0
51 silly fetch manifest safe-buffer@~5.1.1
52 silly fetch manifest string_decoder@~1.1.1
53 silly fetch manifest util-deprecate@~1.0.1
54 http fetch GET 200 https://registry.npmjs.org/process-nextick-args 49ms (cache miss)
55 http fetch GET 200 https://registry.npmjs.org/core-util-is 52ms (cache miss)
56 http fetch GET 200 https://registry.npmjs.org/string_decoder 48ms (cache miss)
57 http fetch GET 200 https://registry.npmjs.org/isarray 53ms (cache miss)
58 http fetch GET 200 https://registry.npmjs.org/util-deprecate 86ms (cache miss)
59 timing idealTree:node_modules/mysql Completed in 104ms
60 timing idealTree:node_modules/bignumber.js Completed in 0ms
61 silly placeDep ROOT core-util-is@1.0.3 OK for: readable-stream@2.3.7 want: ~1.0.0
62 silly placeDep ROOT isarray@1.0.0 OK for: readable-stream@2.3.7 want: ~1.0.0
63 silly placeDep ROOT process-nextick-args@2.0.1 OK for: readable-stream@2.3.7 want: ~2.0.0
64 silly placeDep node_modules/readable-stream safe-buffer@5.1.2 OK for: readable-stream@2.3.7 want: ~5.1.1
65 silly placeDep ROOT string_decoder@1.1.1 OK for: readable-stream@2.3.7 want: ~1.1.1
66 silly placeDep ROOT util-deprecate@1.0.2 OK for: readable-stream@2.3.7 want: ~1.0.1
67 silly fetch manifest safe-buffer@~5.1.0
68 timing idealTree:node_modules/readable-stream Completed in 12ms
69 timing idealTree:node_modules/core-util-is Completed in 0ms
70 timing idealTree:node_modules/isarray Completed in 0ms
71 timing idealTree:node_modules/process-nextick-args Completed in 0ms
72 timing idealTree:node_modules/sqlstring Completed in 0ms
73 silly placeDep node_modules/string_decoder safe-buffer@5.1.2 OK for: string_decoder@1.1.1 want: ~5.1.0
74 timing idealTree:node_modules/string_decoder Completed in 2ms
75 timing idealTree:node_modules/util-deprecate Completed in 1ms
76 timing idealTree:node_modules/mysql/node_modules/safe-buffer Completed in 0ms
77 timing idealTree:node_modules/readable-stream/node_modules/safe-buffer Completed in 0ms
78 timing idealTree:node_modules/string_decoder/node_modules/safe-buffer Completed in 0ms
79 timing idealTree:buildDeps Completed in 475ms
80 timing idealTree:fixDepFlags Completed in 1ms
81 timing idealTree Completed in 529ms
82 timing reify:loadTrees Completed in 530ms
83 timing reify:diffTrees Completed in 5ms
84 silly reify moves {}
85 timing reify:retireShallow Completed in 0ms
86 timing reify:createSparse Completed in 11ms
87 timing reify:loadBundles Completed in 0ms
88 silly audit bulk request {
88 silly audit   accepts: [ '1.3.7' ],
88 silly audit   'array-flatten': [ '1.1.1' ],
88 silly audit   'body-parser': [ '1.19.1' ],
88 silly audit   bytes: [ '3.1.1' ],
88 silly audit   'content-disposition': [ '0.5.4' ],
88 silly audit   'content-type': [ '1.0.4' ],
88 silly audit   cookie: [ '0.4.1' ],
88 silly audit   'cookie-signature': [ '1.0.6' ],
88 silly audit   debug: [ '2.6.9' ],
88 silly audit   depd: [ '1.1.2' ],
88 silly audit   destroy: [ '1.0.4' ],
88 silly audit   'ee-first': [ '1.1.1' ],
88 silly audit   encodeurl: [ '1.0.2' ],
88 silly audit   'escape-html': [ '1.0.3' ],
88 silly audit   etag: [ '1.8.1' ],
88 silly audit   express: [ '4.17.2' ],
88 silly audit   finalhandler: [ '1.1.2' ],
88 silly audit   forwarded: [ '0.2.0' ],
88 silly audit   fresh: [ '0.5.2' ],
88 silly audit   'http-errors': [ '1.8.1' ],
88 silly audit   'iconv-lite': [ '0.4.24' ],
88 silly audit   inherits: [ '2.0.4' ],
88 silly audit   'ipaddr.js': [ '1.9.1' ],
88 silly audit   'media-typer': [ '0.3.0' ],
88 silly audit   'merge-descriptors': [ '1.0.1' ],
88 silly audit   methods: [ '1.1.2' ],
88 silly audit   mime: [ '1.6.0' ],
88 silly audit   'mime-db': [ '1.51.0' ],
88 silly audit   'mime-types': [ '2.1.34' ],
88 silly audit   ms: [ '2.0.0', '2.1.3' ],
88 silly audit   negotiator: [ '0.6.2' ],
88 silly audit   'on-finished': [ '2.3.0' ],
88 silly audit   parseurl: [ '1.3.3' ],
88 silly audit   'path-to-regexp': [ '0.1.7' ],
88 silly audit   'proxy-addr': [ '2.0.7' ],
88 silly audit   qs: [ '6.9.6' ],
88 silly audit   'range-parser': [ '1.2.1' ],
88 silly audit   'raw-body': [ '2.4.2' ],
88 silly audit   'safe-buffer': [ '5.2.1', '5.1.2' ],
88 silly audit   'safer-buffer': [ '2.1.2' ],
88 silly audit   send: [ '0.17.2' ],
88 silly audit   'serve-static': [ '1.14.2' ],
88 silly audit   setprototypeof: [ '1.2.0' ],
88 silly audit   statuses: [ '1.5.0' ],
88 silly audit   toidentifier: [ '1.0.1' ],
88 silly audit   'type-is': [ '1.6.18' ],
88 silly audit   unpipe: [ '1.0.0' ],
88 silly audit   'utils-merge': [ '1.0.1' ],
88 silly audit   vary: [ '1.1.2' ],
88 silly audit   mysql: [ '2.18.1' ],
88 silly audit   'bignumber.js': [ '9.0.0' ],
88 silly audit   'readable-stream': [ '2.3.7' ],
88 silly audit   sqlstring: [ '2.3.1' ],
88 silly audit   'core-util-is': [ '1.0.3' ],
88 silly audit   isarray: [ '1.0.0' ],
88 silly audit   'process-nextick-args': [ '2.0.1' ],
88 silly audit   string_decoder: [ '1.1.1' ],
88 silly audit   'util-deprecate': [ '1.0.2' ]
88 silly audit }
89 silly tarball no local data for string_decoder@https://registry.npmjs.org/string_decoder/-/string_decoder-1.1.1.tgz. Extracting by manifest.
90 silly tarball no local data for process-nextick-args@https://registry.npmjs.org/process-nextick-args/-/process-nextick-args-2.0.1.tgz. Extracting by manifest.
91 silly tarball no local data for isarray@https://registry.npmjs.org/isarray/-/isarray-1.0.0.tgz. Extracting by manifest.
92 silly tarball no local data for util-deprecate@https://registry.npmjs.org/util-deprecate/-/util-deprecate-1.0.2.tgz. Extracting by manifest.
93 silly tarball no local data for core-util-is@https://registry.npmjs.org/core-util-is/-/core-util-is-1.0.3.tgz. Extracting by manifest.
94 silly tarball no local data for readable-stream@https://registry.npmjs.org/readable-stream/-/readable-stream-2.3.7.tgz. Extracting by manifest.
95 silly tarball no local data for sqlstring@https://registry.npmjs.org/sqlstring/-/sqlstring-2.3.1.tgz. Extracting by manifest.
96 silly tarball no local data for mysql@https://registry.npmjs.org/mysql/-/mysql-2.18.1.tgz. Extracting by manifest.
97 silly tarball no local data for bignumber.js@https://registry.npmjs.org/bignumber.js/-/bignumber.js-9.0.0.tgz. Extracting by manifest.
98 silly tarball no local data for safe-buffer@https://registry.npmjs.org/safe-buffer/-/safe-buffer-5.1.2.tgz. Extracting by manifest.
99 silly tarball no local data for safe-buffer@https://registry.npmjs.org/safe-buffer/-/safe-buffer-5.1.2.tgz. Extracting by manifest.
100 silly tarball no local data for safe-buffer@https://registry.npmjs.org/safe-buffer/-/safe-buffer-5.1.2.tgz. Extracting by manifest.
101 http fetch GET 200 https://registry.npmjs.org/process-nextick-args/-/process-nextick-args-2.0.1.tgz 149ms (cache miss)
102 timing reifyNode:node_modules/process-nextick-args Completed in 169ms
103 http fetch GET 200 https://registry.npmjs.org/isarray/-/isarray-1.0.0.tgz 151ms (cache miss)
104 timing reifyNode:node_modules/isarray Completed in 174ms
105 http fetch GET 200 https://registry.npmjs.org/string_decoder/-/string_decoder-1.1.1.tgz 163ms (cache miss)
106 timing reifyNode:node_modules/string_decoder Completed in 179ms
107 http fetch GET 200 https://registry.npmjs.org/util-deprecate/-/util-deprecate-1.0.2.tgz 154ms (cache miss)
108 timing reifyNode:node_modules/util-deprecate Completed in 184ms
109 http fetch POST 200 https://registry.npmjs.org/-/npm/v1/security/advisories/bulk 232ms
110 timing auditReport:getReport Completed in 236ms
111 silly audit report {}
112 timing auditReport:init Completed in 0ms
113 timing reify:audit Completed in 238ms
114 http fetch GET 200 https://registry.npmjs.org/core-util-is/-/core-util-is-1.0.3.tgz 248ms (cache miss)
115 timing reifyNode:node_modules/core-util-is Completed in 281ms
116 http fetch GET 200 https://registry.npmjs.org/safe-buffer/-/safe-buffer-5.1.2.tgz 211ms (cache miss)
117 timing reifyNode:node_modules/string_decoder/node_modules/safe-buffer Completed in 290ms
118 http fetch GET 200 https://registry.npmjs.org/safe-buffer/-/safe-buffer-5.1.2.tgz 220ms (cache miss)
119 timing reifyNode:node_modules/readable-stream/node_modules/safe-buffer Completed in 304ms
120 http fetch GET 200 https://registry.npmjs.org/safe-buffer/-/safe-buffer-5.1.2.tgz 220ms (cache miss)
121 timing reifyNode:node_modules/mysql/node_modules/safe-buffer Completed in 309ms
122 http fetch GET 200 https://registry.npmjs.org/sqlstring/-/sqlstring-2.3.1.tgz 256ms (cache miss)
123 timing reifyNode:node_modules/sqlstring Completed in 317ms
124 http fetch GET 200 https://registry.npmjs.org/readable-stream/-/readable-stream-2.3.7.tgz 307ms (cache miss)
125 timing reifyNode:node_modules/readable-stream Completed in 346ms
126 http fetch GET 200 https://registry.npmjs.org/bignumber.js/-/bignumber.js-9.0.0.tgz 284ms (cache miss)
127 timing reifyNode:node_modules/bignumber.js Completed in 357ms
128 http fetch GET 200 https://registry.npmjs.org/mysql/-/mysql-2.18.1.tgz 314ms (cache miss)
129 timing reifyNode:node_modules/mysql Completed in 382ms
130 timing reify:unpack Completed in 384ms
131 timing reify:unretire Completed in 1ms
132 timing build:queue Completed in 1ms
133 timing build:deps Completed in 1ms
134 timing build Completed in 1ms
135 timing reify:build Completed in 1ms
136 timing reify:trash Completed in 0ms
137 timing reify:save Completed in 12ms
138 timing reify Completed in 981ms
139 silly ADD node_modules/util-deprecate
140 silly ADD node_modules/string_decoder
141 silly ADD node_modules/string_decoder/node_modules/safe-buffer
142 silly ADD node_modules/process-nextick-args
143 silly ADD node_modules/isarray
144 silly ADD node_modules/core-util-is
145 silly ADD node_modules/sqlstring
146 silly ADD node_modules/readable-stream
147 silly ADD node_modules/readable-stream/node_modules/safe-buffer
148 silly ADD node_modules/bignumber.js
149 silly ADD node_modules/mysql
150 silly ADD node_modules/mysql/node_modules/safe-buffer
151 timing command:install Completed in 988ms
152 verbose exit 0
153 timing npm Completed in 1186ms
154 info ok
