0 verbose cli [
0 verbose cli   '/root/.nvm/versions/node/v17.3.0/bin/node',
0 verbose cli   '/root/.nvm/versions/node/v17.3.0/bin/npm',
0 verbose cli   'install',
0 verbose cli   'express'
0 verbose cli ]
1 info using npm@8.3.0
2 info using node@v17.3.0
3 timing npm:load:whichnode Completed in 0ms
4 timing config:load:defaults Completed in 2ms
5 timing config:load:file:/root/.nvm/versions/node/v17.3.0/lib/node_modules/npm/npmrc Completed in 1ms
6 timing config:load:builtin Completed in 1ms
7 timing config:load:cli Completed in 3ms
8 timing config:load:env Completed in 0ms
9 timing config:load:project Completed in 10ms
10 timing config:load:file:/root/.npmrc Completed in 1ms
11 timing config:load:user Completed in 1ms
12 timing config:load:file:/root/.nvm/versions/node/v17.3.0/etc/npmrc Completed in 3ms
13 timing config:load:global Completed in 3ms
14 timing config:load:validate Completed in 0ms
15 timing config:load:credentials Completed in 1ms
16 timing config:load:setEnvs Completed in 1ms
17 timing config:load Completed in 23ms
18 timing npm:load:configload Completed in 23ms
19 timing npm:load:setTitle Completed in 1ms
20 timing config:load:flatten Completed in 3ms
21 timing npm:load:display Completed in 4ms
22 verbose logfile /root/.npm/_logs/2022-01-06T10_44_40_430Z-debug-0.log
23 timing npm:load:logFile Completed in 4ms
24 timing npm:load:timers Completed in 0ms
25 timing npm:load:configScope Completed in 0ms
26 timing npm:load Completed in 33ms
27 timing arborist:ctor Completed in 1ms
28 timing arborist:ctor Completed in 0ms
29 timing idealTree:init Completed in 10ms
30 timing idealTree:userRequests Completed in 2ms
31 silly idealTree buildDeps
32 silly fetch manifest express@*
33 http fetch GET 200 https://registry.npmjs.org/express 138ms (cache miss)
34 silly placeDep ROOT express@4.17.2 OK for:  want: *
35 silly fetch manifest accepts@~1.3.7
36 silly fetch manifest array-flatten@1.1.1
37 silly fetch manifest body-parser@1.19.1
38 silly fetch manifest content-disposition@0.5.4
39 silly fetch manifest content-type@~1.0.4
40 silly fetch manifest cookie@0.4.1
41 silly fetch manifest cookie-signature@1.0.6
42 silly fetch manifest debug@2.6.9
43 silly fetch manifest depd@~1.1.2
44 silly fetch manifest encodeurl@~1.0.2
45 silly fetch manifest escape-html@~1.0.3
46 silly fetch manifest etag@~1.8.1
47 silly fetch manifest finalhandler@~1.1.2
48 silly fetch manifest fresh@0.5.2
49 silly fetch manifest merge-descriptors@1.0.1
50 silly fetch manifest methods@~1.1.2
51 silly fetch manifest on-finished@~2.3.0
52 silly fetch manifest parseurl@~1.3.3
53 silly fetch manifest path-to-regexp@0.1.7
54 silly fetch manifest proxy-addr@~2.0.7
55 silly fetch manifest qs@6.9.6
56 silly fetch manifest range-parser@~1.2.1
57 silly fetch manifest safe-buffer@5.2.1
58 silly fetch manifest send@0.17.2
59 silly fetch manifest serve-static@1.14.2
60 silly fetch manifest setprototypeof@1.2.0
61 silly fetch manifest statuses@~1.5.0
62 silly fetch manifest type-is@~1.6.18
63 silly fetch manifest utils-merge@1.0.1
64 silly fetch manifest vary@~1.1.2
65 http fetch GET 200 https://registry.npmjs.org/accepts 170ms (cache miss)
66 http fetch GET 200 https://registry.npmjs.org/merge-descriptors 202ms (cache miss)
67 http fetch GET 200 https://registry.npmjs.org/methods 204ms (cache miss)
68 http fetch GET 200 https://registry.npmjs.org/on-finished 213ms (cache miss)
69 http fetch GET 200 https://registry.npmjs.org/content-disposition 311ms (cache miss)
70 http fetch GET 200 https://registry.npmjs.org/path-to-regexp 303ms (cache miss)
71 http fetch GET 200 https://registry.npmjs.org/depd 311ms (cache miss)
72 http fetch GET 200 https://registry.npmjs.org/etag 312ms (cache miss)
73 http fetch GET 200 https://registry.npmjs.org/finalhandler 312ms (cache miss)
74 http fetch GET 200 https://registry.npmjs.org/fresh 313ms (cache miss)
75 http fetch GET 200 https://registry.npmjs.org/cookie 320ms (cache miss)
76 http fetch GET 200 https://registry.npmjs.org/content-type 322ms (cache miss)
77 http fetch GET 200 https://registry.npmjs.org/encodeurl 318ms (cache miss)
78 http fetch GET 200 https://registry.npmjs.org/array-flatten 325ms (cache miss)
79 http fetch GET 200 https://registry.npmjs.org/escape-html 321ms (cache miss)
80 http fetch GET 200 https://registry.npmjs.org/body-parser 327ms (cache miss)
81 http fetch GET 200 https://registry.npmjs.org/vary 303ms (cache miss)
82 http fetch GET 200 https://registry.npmjs.org/cookie-signature 328ms (cache miss)
83 http fetch GET 200 https://registry.npmjs.org/debug 328ms (cache miss)
84 http fetch GET 200 https://registry.npmjs.org/parseurl 323ms (cache miss)
85 http fetch GET 200 https://registry.npmjs.org/proxy-addr 322ms (cache miss)
86 http fetch GET 200 https://registry.npmjs.org/range-parser 320ms (cache miss)
87 http fetch GET 200 https://registry.npmjs.org/qs 322ms (cache miss)
88 http fetch GET 200 https://registry.npmjs.org/setprototypeof 318ms (cache miss)
89 http fetch GET 200 https://registry.npmjs.org/safe-buffer 322ms (cache miss)
90 http fetch GET 200 https://registry.npmjs.org/statuses 318ms (cache miss)
91 http fetch GET 200 https://registry.npmjs.org/type-is 316ms (cache miss)
92 http fetch GET 200 https://registry.npmjs.org/send 325ms (cache miss)
93 http fetch GET 200 https://registry.npmjs.org/utils-merge 317ms (cache miss)
94 http fetch GET 200 https://registry.npmjs.org/serve-static 327ms (cache miss)
95 timing idealTree:#root Completed in 501ms
96 silly placeDep ROOT accepts@1.3.7 OK for: express@4.17.2 want: ~1.3.7
97 silly placeDep ROOT array-flatten@1.1.1 OK for: express@4.17.2 want: 1.1.1
98 silly placeDep ROOT body-parser@1.19.1 OK for: express@4.17.2 want: 1.19.1
99 silly placeDep ROOT content-disposition@0.5.4 OK for: express@4.17.2 want: 0.5.4
100 silly placeDep ROOT content-type@1.0.4 OK for: express@4.17.2 want: ~1.0.4
101 silly placeDep ROOT cookie@0.4.1 OK for: express@4.17.2 want: 0.4.1
102 silly placeDep ROOT cookie-signature@1.0.6 OK for: express@4.17.2 want: 1.0.6
103 silly placeDep ROOT debug@2.6.9 OK for: express@4.17.2 want: 2.6.9
104 silly placeDep ROOT depd@1.1.2 OK for: express@4.17.2 want: ~1.1.2
105 silly placeDep ROOT encodeurl@1.0.2 OK for: express@4.17.2 want: ~1.0.2
106 silly placeDep ROOT escape-html@1.0.3 OK for: express@4.17.2 want: ~1.0.3
107 silly placeDep ROOT etag@1.8.1 OK for: express@4.17.2 want: ~1.8.1
108 silly placeDep ROOT finalhandler@1.1.2 OK for: express@4.17.2 want: ~1.1.2
109 silly placeDep ROOT fresh@0.5.2 OK for: express@4.17.2 want: 0.5.2
110 silly placeDep ROOT merge-descriptors@1.0.1 OK for: express@4.17.2 want: 1.0.1
111 silly placeDep ROOT methods@1.1.2 OK for: express@4.17.2 want: ~1.1.2
112 silly placeDep ROOT on-finished@2.3.0 OK for: express@4.17.2 want: ~2.3.0
113 silly placeDep ROOT parseurl@1.3.3 OK for: express@4.17.2 want: ~1.3.3
114 silly placeDep ROOT path-to-regexp@0.1.7 OK for: express@4.17.2 want: 0.1.7
115 silly placeDep ROOT proxy-addr@2.0.7 OK for: express@4.17.2 want: ~2.0.7
116 silly placeDep ROOT qs@6.9.6 OK for: express@4.17.2 want: 6.9.6
117 silly placeDep ROOT range-parser@1.2.1 OK for: express@4.17.2 want: ~1.2.1
118 silly placeDep ROOT safe-buffer@5.2.1 OK for: express@4.17.2 want: 5.2.1
119 silly placeDep ROOT send@0.17.2 OK for: express@4.17.2 want: 0.17.2
120 silly placeDep ROOT serve-static@1.14.2 OK for: express@4.17.2 want: 1.14.2
121 silly placeDep ROOT setprototypeof@1.2.0 OK for: express@4.17.2 want: 1.2.0
122 silly placeDep ROOT statuses@1.5.0 OK for: express@4.17.2 want: ~1.5.0
123 silly placeDep ROOT type-is@1.6.18 OK for: express@4.17.2 want: ~1.6.18
124 silly placeDep ROOT utils-merge@1.0.1 OK for: express@4.17.2 want: 1.0.1
125 silly placeDep ROOT vary@1.1.2 OK for: express@4.17.2 want: ~1.1.2
126 silly fetch manifest mime-types@~2.1.24
127 silly fetch manifest negotiator@0.6.2
128 silly fetch manifest bytes@3.1.1
129 silly fetch manifest http-errors@1.8.1
130 silly fetch manifest iconv-lite@0.4.24
131 silly fetch manifest raw-body@2.4.2
132 silly fetch manifest ms@2.0.0
133 silly fetch manifest unpipe@~1.0.0
134 silly fetch manifest ee-first@1.1.1
135 silly fetch manifest forwarded@0.2.0
136 silly fetch manifest ipaddr.js@1.9.1
137 silly fetch manifest destroy@~1.0.4
138 silly fetch manifest mime@1.6.0
139 silly fetch manifest ms@2.1.3
140 silly fetch manifest media-typer@0.3.0
141 http fetch GET 200 https://registry.npmjs.org/media-typer 92ms (cache miss)
142 http fetch GET 200 https://registry.npmjs.org/mime-types 110ms (cache miss)
143 http fetch GET 200 https://registry.npmjs.org/ms 105ms (cache miss)
144 http fetch GET 200 https://registry.npmjs.org/negotiator 112ms (cache miss)
145 http fetch GET 200 https://registry.npmjs.org/raw-body 109ms (cache miss)
146 http fetch GET 200 https://registry.npmjs.org/ipaddr.js 104ms (cache miss)
147 http fetch GET 200 https://registry.npmjs.org/unpipe 108ms (cache miss)
148 http fetch GET 200 https://registry.npmjs.org/iconv-lite 115ms (cache miss)
149 http fetch GET 200 https://registry.npmjs.org/forwarded 110ms (cache miss)
150 http fetch GET 200 https://registry.npmjs.org/ee-first 111ms (cache miss)
151 http fetch GET 200 https://registry.npmjs.org/destroy 111ms (cache miss)
152 http fetch GET 200 https://registry.npmjs.org/mime 114ms (cache miss)
153 http fetch GET 200 https://registry.npmjs.org/bytes 755ms (cache miss)
154 http fetch GET 200 https://registry.npmjs.org/http-errors 756ms (cache miss)
155 timing idealTree:node_modules/express Completed in 816ms
156 silly placeDep ROOT mime-types@2.1.34 OK for: accepts@1.3.7 want: ~2.1.24
157 silly placeDep ROOT negotiator@0.6.2 OK for: accepts@1.3.7 want: 0.6.2
158 silly fetch manifest mime-db@1.51.0
159 http fetch GET 200 https://registry.npmjs.org/mime-db 24ms (cache miss)
160 timing idealTree:node_modules/accepts Completed in 31ms
161 timing idealTree:node_modules/array-flatten Completed in 0ms
162 silly placeDep ROOT bytes@3.1.1 OK for: body-parser@1.19.1 want: 3.1.1
163 silly placeDep ROOT http-errors@1.8.1 OK for: body-parser@1.19.1 want: 1.8.1
164 silly placeDep ROOT iconv-lite@0.4.24 OK for: body-parser@1.19.1 want: 0.4.24
165 silly placeDep ROOT raw-body@2.4.2 OK for: body-parser@1.19.1 want: 2.4.2
166 silly fetch manifest inherits@2.0.4
167 silly fetch manifest toidentifier@1.0.1
168 silly fetch manifest safer-buffer@>= 2.1.2 < 3
169 silly fetch manifest unpipe@1.0.0
170 http fetch GET 200 https://registry.npmjs.org/inherits 39ms (cache miss)
171 http fetch GET 200 https://registry.npmjs.org/safer-buffer 38ms (cache miss)
172 http fetch GET 200 https://registry.npmjs.org/toidentifier 41ms (cache miss)
173 timing idealTree:node_modules/body-parser Completed in 51ms
174 timing idealTree:node_modules/bytes Completed in 0ms
175 timing idealTree:node_modules/content-disposition Completed in 0ms
176 timing idealTree:node_modules/content-type Completed in 0ms
177 timing idealTree:node_modules/cookie Completed in 0ms
178 timing idealTree:node_modules/cookie-signature Completed in 0ms
179 silly placeDep ROOT ms@2.0.0 OK for: debug@2.6.9 want: 2.0.0
180 timing idealTree:node_modules/debug Completed in 2ms
181 timing idealTree:node_modules/depd Completed in 0ms
182 timing idealTree:node_modules/encodeurl Completed in 0ms
183 timing idealTree:node_modules/escape-html Completed in 0ms
184 timing idealTree:node_modules/etag Completed in 0ms
185 silly placeDep ROOT unpipe@1.0.0 OK for: finalhandler@1.1.2 want: ~1.0.0
186 timing idealTree:node_modules/finalhandler Completed in 2ms
187 timing idealTree:node_modules/fresh Completed in 0ms
188 silly placeDep ROOT inherits@2.0.4 OK for: http-errors@1.8.1 want: 2.0.4
189 silly placeDep ROOT toidentifier@1.0.1 OK for: http-errors@1.8.1 want: 1.0.1
190 timing idealTree:node_modules/http-errors Completed in 3ms
191 silly placeDep ROOT safer-buffer@2.1.2 OK for: iconv-lite@0.4.24 want: >= 2.1.2 < 3
192 timing idealTree:node_modules/iconv-lite Completed in 2ms
193 timing idealTree:node_modules/inherits Completed in 0ms
194 timing idealTree:node_modules/merge-descriptors Completed in 0ms
195 timing idealTree:node_modules/methods Completed in 0ms
196 silly placeDep ROOT mime-db@1.51.0 OK for: mime-types@2.1.34 want: 1.51.0
197 timing idealTree:node_modules/mime-types Completed in 2ms
198 timing idealTree:node_modules/mime-db Completed in 0ms
199 timing idealTree:node_modules/ms Completed in 0ms
200 timing idealTree:node_modules/negotiator Completed in 0ms
201 silly placeDep ROOT ee-first@1.1.1 OK for: on-finished@2.3.0 want: 1.1.1
202 timing idealTree:node_modules/on-finished Completed in 2ms
203 timing idealTree:node_modules/ee-first Completed in 0ms
204 timing idealTree:node_modules/parseurl Completed in 0ms
205 timing idealTree:node_modules/path-to-regexp Completed in 0ms
206 silly placeDep ROOT forwarded@0.2.0 OK for: proxy-addr@2.0.7 want: 0.2.0
207 silly placeDep ROOT ipaddr.js@1.9.1 OK for: proxy-addr@2.0.7 want: 1.9.1
208 timing idealTree:node_modules/proxy-addr Completed in 3ms
209 timing idealTree:node_modules/forwarded Completed in 0ms
210 timing idealTree:node_modules/ipaddr.js Completed in 0ms
211 timing idealTree:node_modules/qs Completed in 0ms
212 timing idealTree:node_modules/range-parser Completed in 0ms
213 timing idealTree:node_modules/raw-body Completed in 0ms
214 timing idealTree:node_modules/safe-buffer Completed in 0ms
215 timing idealTree:node_modules/safer-buffer Completed in 0ms
216 silly placeDep ROOT destroy@1.0.4 OK for: send@0.17.2 want: ~1.0.4
217 silly placeDep ROOT mime@1.6.0 OK for: send@0.17.2 want: 1.6.0
218 silly placeDep node_modules/send ms@2.1.3 OK for: send@0.17.2 want: 2.1.3
219 timing idealTree:node_modules/send Completed in 5ms
220 timing idealTree:node_modules/destroy Completed in 0ms
221 timing idealTree:node_modules/mime Completed in 0ms
222 timing idealTree:node_modules/serve-static Completed in 0ms
223 timing idealTree:node_modules/setprototypeof Completed in 0ms
224 timing idealTree:node_modules/statuses Completed in 0ms
225 timing idealTree:node_modules/toidentifier Completed in 0ms
226 silly placeDep ROOT media-typer@0.3.0 OK for: type-is@1.6.18 want: 0.3.0
227 timing idealTree:node_modules/type-is Completed in 1ms
228 timing idealTree:node_modules/media-typer Completed in 0ms
229 timing idealTree:node_modules/unpipe Completed in 0ms
230 timing idealTree:node_modules/utils-merge Completed in 0ms
231 timing idealTree:node_modules/vary Completed in 0ms
232 timing idealTree:node_modules/send/node_modules/ms Completed in 0ms
233 timing idealTree:buildDeps Completed in 1427ms
234 timing idealTree:fixDepFlags Completed in 2ms
235 timing idealTree Completed in 1443ms
236 timing reify:loadTrees Completed in 1444ms
237 timing reify:diffTrees Completed in 3ms
238 silly reify moves {}
239 timing reify:retireShallow Completed in 0ms
240 timing reify:createSparse Completed in 25ms
241 timing reify:loadBundles Completed in 0ms
242 silly audit bulk request {
242 silly audit   express: [ '4.17.2' ],
242 silly audit   accepts: [ '1.3.7' ],
242 silly audit   'array-flatten': [ '1.1.1' ],
242 silly audit   'body-parser': [ '1.19.1' ],
242 silly audit   'content-disposition': [ '0.5.4' ],
242 silly audit   'content-type': [ '1.0.4' ],
242 silly audit   cookie: [ '0.4.1' ],
242 silly audit   'cookie-signature': [ '1.0.6' ],
242 silly audit   debug: [ '2.6.9' ],
242 silly audit   depd: [ '1.1.2' ],
242 silly audit   encodeurl: [ '1.0.2' ],
242 silly audit   'escape-html': [ '1.0.3' ],
242 silly audit   etag: [ '1.8.1' ],
242 silly audit   finalhandler: [ '1.1.2' ],
242 silly audit   fresh: [ '0.5.2' ],
242 silly audit   'merge-descriptors': [ '1.0.1' ],
242 silly audit   methods: [ '1.1.2' ],
242 silly audit   'on-finished': [ '2.3.0' ],
242 silly audit   parseurl: [ '1.3.3' ],
242 silly audit   'path-to-regexp': [ '0.1.7' ],
242 silly audit   'proxy-addr': [ '2.0.7' ],
242 silly audit   qs: [ '6.9.6' ],
242 silly audit   'range-parser': [ '1.2.1' ],
242 silly audit   'safe-buffer': [ '5.2.1' ],
242 silly audit   send: [ '0.17.2' ],
242 silly audit   'serve-static': [ '1.14.2' ],
242 silly audit   setprototypeof: [ '1.2.0' ],
242 silly audit   statuses: [ '1.5.0' ],
242 silly audit   'type-is': [ '1.6.18' ],
242 silly audit   'utils-merge': [ '1.0.1' ],
242 silly audit   vary: [ '1.1.2' ],
242 silly audit   'mime-types': [ '2.1.34' ],
242 silly audit   negotiator: [ '0.6.2' ],
242 silly audit   bytes: [ '3.1.1' ],
242 silly audit   'http-errors': [ '1.8.1' ],
242 silly audit   'iconv-lite': [ '0.4.24' ],
242 silly audit   'raw-body': [ '2.4.2' ],
242 silly audit   ms: [ '2.0.0', '2.1.3' ],
242 silly audit   unpipe: [ '1.0.0' ],
242 silly audit   inherits: [ '2.0.4' ],
242 silly audit   toidentifier: [ '1.0.1' ],
242 silly audit   'safer-buffer': [ '2.1.2' ],
242 silly audit   'mime-db': [ '1.51.0' ],
242 silly audit   'ee-first': [ '1.1.1' ],
242 silly audit   forwarded: [ '0.2.0' ],
242 silly audit   'ipaddr.js': [ '1.9.1' ],
242 silly audit   destroy: [ '1.0.4' ],
242 silly audit   mime: [ '1.6.0' ],
242 silly audit   'media-typer': [ '0.3.0' ]
242 silly audit }
243 silly tarball no local data for media-typer@https://registry.npmjs.org/media-typer/-/media-typer-0.3.0.tgz. Extracting by manifest.
244 silly tarball no local data for destroy@https://registry.npmjs.org/destroy/-/destroy-1.0.4.tgz. Extracting by manifest.
245 silly tarball no local data for mime@https://registry.npmjs.org/mime/-/mime-1.6.0.tgz. Extracting by manifest.
246 silly tarball no local data for ipaddr.js@https://registry.npmjs.org/ipaddr.js/-/ipaddr.js-1.9.1.tgz. Extracting by manifest.
247 silly tarball no local data for forwarded@https://registry.npmjs.org/forwarded/-/forwarded-0.2.0.tgz. Extracting by manifest.
248 silly tarball no local data for mime-db@https://registry.npmjs.org/mime-db/-/mime-db-1.51.0.tgz. Extracting by manifest.
249 silly tarball no local data for ee-first@https://registry.npmjs.org/ee-first/-/ee-first-1.1.1.tgz. Extracting by manifest.
250 silly tarball no local data for safer-buffer@https://registry.npmjs.org/safer-buffer/-/safer-buffer-2.1.2.tgz. Extracting by manifest.
251 silly tarball no local data for toidentifier@https://registry.npmjs.org/toidentifier/-/toidentifier-1.0.1.tgz. Extracting by manifest.
252 silly tarball no local data for inherits@https://registry.npmjs.org/inherits/-/inherits-2.0.4.tgz. Extracting by manifest.
253 silly tarball no local data for raw-body@https://registry.npmjs.org/raw-body/-/raw-body-2.4.2.tgz. Extracting by manifest.
254 silly tarball no local data for unpipe@https://registry.npmjs.org/unpipe/-/unpipe-1.0.0.tgz. Extracting by manifest.
255 silly tarball no local data for iconv-lite@https://registry.npmjs.org/iconv-lite/-/iconv-lite-0.4.24.tgz. Extracting by manifest.
256 silly tarball no local data for ms@https://registry.npmjs.org/ms/-/ms-2.0.0.tgz. Extracting by manifest.
257 silly tarball no local data for http-errors@https://registry.npmjs.org/http-errors/-/http-errors-1.8.1.tgz. Extracting by manifest.
258 silly tarball no local data for bytes@https://registry.npmjs.org/bytes/-/bytes-3.1.1.tgz. Extracting by manifest.
259 silly tarball no local data for negotiator@https://registry.npmjs.org/negotiator/-/negotiator-0.6.2.tgz. Extracting by manifest.
260 silly tarball no local data for vary@https://registry.npmjs.org/vary/-/vary-1.1.2.tgz. Extracting by manifest.
261 silly tarball no local data for mime-types@https://registry.npmjs.org/mime-types/-/mime-types-2.1.34.tgz. Extracting by manifest.
262 silly tarball no local data for utils-merge@https://registry.npmjs.org/utils-merge/-/utils-merge-1.0.1.tgz. Extracting by manifest.
263 silly tarball no local data for type-is@https://registry.npmjs.org/type-is/-/type-is-1.6.18.tgz. Extracting by manifest.
264 silly tarball no local data for statuses@https://registry.npmjs.org/statuses/-/statuses-1.5.0.tgz. Extracting by manifest.
265 silly tarball no local data for serve-static@https://registry.npmjs.org/serve-static/-/serve-static-1.14.2.tgz. Extracting by manifest.
266 silly tarball no local data for setprototypeof@https://registry.npmjs.org/setprototypeof/-/setprototypeof-1.2.0.tgz. Extracting by manifest.
267 silly tarball no local data for send@https://registry.npmjs.org/send/-/send-0.17.2.tgz. Extracting by manifest.
268 silly tarball no local data for safe-buffer@https://registry.npmjs.org/safe-buffer/-/safe-buffer-5.2.1.tgz. Extracting by manifest.
269 silly tarball no local data for range-parser@https://registry.npmjs.org/range-parser/-/range-parser-1.2.1.tgz. Extracting by manifest.
270 silly tarball no local data for qs@https://registry.npmjs.org/qs/-/qs-6.9.6.tgz. Extracting by manifest.
271 silly tarball no local data for proxy-addr@https://registry.npmjs.org/proxy-addr/-/proxy-addr-2.0.7.tgz. Extracting by manifest.
272 silly tarball no local data for path-to-regexp@https://registry.npmjs.org/path-to-regexp/-/path-to-regexp-0.1.7.tgz. Extracting by manifest.
273 silly tarball no local data for parseurl@https://registry.npmjs.org/parseurl/-/parseurl-1.3.3.tgz. Extracting by manifest.
274 silly tarball no local data for on-finished@https://registry.npmjs.org/on-finished/-/on-finished-2.3.0.tgz. Extracting by manifest.
275 silly tarball no local data for methods@https://registry.npmjs.org/methods/-/methods-1.1.2.tgz. Extracting by manifest.
276 silly tarball no local data for merge-descriptors@https://registry.npmjs.org/merge-descriptors/-/merge-descriptors-1.0.1.tgz. Extracting by manifest.
277 silly tarball no local data for fresh@https://registry.npmjs.org/fresh/-/fresh-0.5.2.tgz. Extracting by manifest.
278 silly tarball no local data for finalhandler@https://registry.npmjs.org/finalhandler/-/finalhandler-1.1.2.tgz. Extracting by manifest.
279 silly tarball no local data for etag@https://registry.npmjs.org/etag/-/etag-1.8.1.tgz. Extracting by manifest.
280 silly tarball no local data for escape-html@https://registry.npmjs.org/escape-html/-/escape-html-1.0.3.tgz. Extracting by manifest.
281 silly tarball no local data for encodeurl@https://registry.npmjs.org/encodeurl/-/encodeurl-1.0.2.tgz. Extracting by manifest.
282 silly tarball no local data for depd@https://registry.npmjs.org/depd/-/depd-1.1.2.tgz. Extracting by manifest.
283 silly tarball no local data for debug@https://registry.npmjs.org/debug/-/debug-2.6.9.tgz. Extracting by manifest.
284 silly tarball no local data for cookie-signature@https://registry.npmjs.org/cookie-signature/-/cookie-signature-1.0.6.tgz. Extracting by manifest.
285 silly tarball no local data for content-type@https://registry.npmjs.org/content-type/-/content-type-1.0.4.tgz. Extracting by manifest.
286 silly tarball no local data for cookie@https://registry.npmjs.org/cookie/-/cookie-0.4.1.tgz. Extracting by manifest.
287 silly tarball no local data for content-disposition@https://registry.npmjs.org/content-disposition/-/content-disposition-0.5.4.tgz. Extracting by manifest.
288 silly tarball no local data for body-parser@https://registry.npmjs.org/body-parser/-/body-parser-1.19.1.tgz. Extracting by manifest.
289 silly tarball no local data for array-flatten@https://registry.npmjs.org/array-flatten/-/array-flatten-1.1.1.tgz. Extracting by manifest.
290 silly tarball no local data for accepts@https://registry.npmjs.org/accepts/-/accepts-1.3.7.tgz. Extracting by manifest.
291 silly tarball no local data for express@https://registry.npmjs.org/express/-/express-4.17.2.tgz. Extracting by manifest.
292 silly tarball no local data for ms@https://registry.npmjs.org/ms/-/ms-2.1.3.tgz. Extracting by manifest.
293 http fetch POST 200 https://registry.npmjs.org/-/npm/v1/security/advisories/bulk 475ms
294 timing auditReport:getReport Completed in 478ms
295 silly audit report {}
296 timing auditReport:init Completed in 0ms
297 timing reify:audit Completed in 480ms
298 http fetch GET 200 https://registry.npmjs.org/http-errors/-/http-errors-1.8.1.tgz 575ms (cache miss)
299 timing reifyNode:node_modules/http-errors Completed in 713ms
300 http fetch GET 200 https://registry.npmjs.org/mime/-/mime-1.6.0.tgz 701ms (cache miss)
301 timing reifyNode:node_modules/mime Completed in 741ms
302 http fetch GET 200 https://registry.npmjs.org/setprototypeof/-/setprototypeof-1.2.0.tgz 527ms (cache miss)
303 timing reifyNode:node_modules/setprototypeof Completed in 749ms
304 http fetch GET 200 https://registry.npmjs.org/statuses/-/statuses-1.5.0.tgz 548ms (cache miss)
305 timing reifyNode:node_modules/statuses Completed in 757ms
306 http fetch GET 200 https://registry.npmjs.org/finalhandler/-/finalhandler-1.1.2.tgz 464ms (cache miss)
307 timing reifyNode:node_modules/finalhandler Completed in 759ms
308 http fetch GET 200 https://registry.npmjs.org/media-typer/-/media-typer-0.3.0.tgz 734ms (cache miss)
309 timing reifyNode:node_modules/media-typer Completed in 768ms
310 http fetch GET 200 https://registry.npmjs.org/destroy/-/destroy-1.0.4.tgz 734ms (cache miss)
311 timing reifyNode:node_modules/destroy Completed in 772ms
312 http fetch GET 200 https://registry.npmjs.org/methods/-/methods-1.1.2.tgz 492ms (cache miss)
313 timing reifyNode:node_modules/methods Completed in 773ms
314 http fetch GET 200 https://registry.npmjs.org/merge-descriptors/-/merge-descriptors-1.0.1.tgz 497ms (cache miss)
315 timing reifyNode:node_modules/merge-descriptors Completed in 783ms
316 http fetch GET 200 https://registry.npmjs.org/ee-first/-/ee-first-1.1.1.tgz 729ms (cache miss)
317 timing reifyNode:node_modules/ee-first Completed in 795ms
318 http fetch GET 200 https://registry.npmjs.org/escape-html/-/escape-html-1.0.3.tgz 499ms (cache miss)
319 timing reifyNode:node_modules/escape-html Completed in 807ms
320 http fetch GET 200 https://registry.npmjs.org/encodeurl/-/encodeurl-1.0.2.tgz 502ms (cache miss)
321 timing reifyNode:node_modules/encodeurl Completed in 813ms
322 http fetch GET 200 https://registry.npmjs.org/cookie-signature/-/cookie-signature-1.0.6.tgz 484ms (cache miss)
323 timing reifyNode:node_modules/cookie-signature Completed in 822ms
324 http fetch GET 200 https://registry.npmjs.org/array-flatten/-/array-flatten-1.1.1.tgz 455ms (cache miss)
325 timing reifyNode:node_modules/array-flatten Completed in 829ms
326 http fetch GET 200 https://registry.npmjs.org/ms/-/ms-2.1.3.tgz 411ms (cache miss)
327 timing reifyNode:node_modules/send/node_modules/ms Completed in 835ms
328 http fetch GET 200 https://registry.npmjs.org/toidentifier/-/toidentifier-1.0.1.tgz 763ms (cache miss)
329 timing reifyNode:node_modules/toidentifier Completed in 842ms
330 http fetch GET 200 https://registry.npmjs.org/ms/-/ms-2.0.0.tgz 735ms (cache miss)
331 timing reifyNode:node_modules/ms Completed in 855ms
332 http fetch GET 200 https://registry.npmjs.org/inherits/-/inherits-2.0.4.tgz 782ms (cache miss)
333 timing reifyNode:node_modules/inherits Completed in 868ms
334 http fetch GET 200 https://registry.npmjs.org/parseurl/-/parseurl-1.3.3.tgz 602ms (cache miss)
335 timing reifyNode:node_modules/parseurl Completed in 875ms
336 http fetch GET 200 https://registry.npmjs.org/safer-buffer/-/safer-buffer-2.1.2.tgz 825ms (cache miss)
337 timing reifyNode:node_modules/safer-buffer Completed in 898ms
338 http fetch GET 200 https://registry.npmjs.org/forwarded/-/forwarded-0.2.0.tgz 854ms (cache miss)
339 timing reifyNode:node_modules/forwarded Completed in 905ms
340 http fetch GET 200 https://registry.npmjs.org/unpipe/-/unpipe-1.0.0.tgz 801ms (cache miss)
341 timing reifyNode:node_modules/unpipe Completed in 911ms
342 http fetch GET 200 https://registry.npmjs.org/vary/-/vary-1.1.2.tgz 758ms (cache miss)
343 timing reifyNode:node_modules/vary Completed in 916ms
344 http fetch GET 200 https://registry.npmjs.org/range-parser/-/range-parser-1.2.1.tgz 683ms (cache miss)
345 timing reifyNode:node_modules/range-parser Completed in 921ms
346 http fetch GET 200 https://registry.npmjs.org/fresh/-/fresh-0.5.2.tgz 637ms (cache miss)
347 timing reifyNode:node_modules/fresh Completed in 927ms
348 http fetch GET 200 https://registry.npmjs.org/raw-body/-/raw-body-2.4.2.tgz 847ms (cache miss)
349 timing reifyNode:node_modules/raw-body Completed in 951ms
350 http fetch GET 200 https://registry.npmjs.org/bytes/-/bytes-3.1.1.tgz 814ms (cache miss)
351 timing reifyNode:node_modules/bytes Completed in 959ms
352 http fetch GET 200 https://registry.npmjs.org/utils-merge/-/utils-merge-1.0.1.tgz 769ms (cache miss)
353 timing reifyNode:node_modules/utils-merge Completed in 965ms
354 http fetch GET 200 https://registry.npmjs.org/type-is/-/type-is-1.6.18.tgz 778ms (cache miss)
355 timing reifyNode:node_modules/type-is Completed in 982ms
356 http fetch GET 200 https://registry.npmjs.org/path-to-regexp/-/path-to-regexp-0.1.7.tgz 722ms (cache miss)
357 timing reifyNode:node_modules/path-to-regexp Completed in 989ms
358 http fetch GET 200 https://registry.npmjs.org/safe-buffer/-/safe-buffer-5.2.1.tgz 771ms (cache miss)
359 timing reifyNode:node_modules/safe-buffer Completed in 1003ms
360 http fetch GET 200 https://registry.npmjs.org/etag/-/etag-1.8.1.tgz 705ms (cache miss)
361 timing reifyNode:node_modules/etag Completed in 1007ms
362 http fetch GET 200 https://registry.npmjs.org/mime-types/-/mime-types-2.1.34.tgz 848ms (cache miss)
363 timing reifyNode:node_modules/mime-types Completed in 1012ms
364 http fetch GET 200 https://registry.npmjs.org/on-finished/-/on-finished-2.3.0.tgz 739ms (cache miss)
365 timing reifyNode:node_modules/on-finished Completed in 1015ms
366 http fetch GET 200 https://registry.npmjs.org/content-disposition/-/content-disposition-0.5.4.tgz 663ms (cache miss)
367 timing reifyNode:node_modules/content-disposition Completed in 1019ms
368 http fetch GET 200 https://registry.npmjs.org/ipaddr.js/-/ipaddr.js-1.9.1.tgz 983ms (cache miss)
369 timing reifyNode:node_modules/ipaddr.js Completed in 1026ms
370 http fetch GET 200 https://registry.npmjs.org/depd/-/depd-1.1.2.tgz 702ms (cache miss)
371 timing reifyNode:node_modules/depd Completed in 1027ms
372 http fetch GET 200 https://registry.npmjs.org/content-type/-/content-type-1.0.4.tgz 691ms (cache miss)
373 timing reifyNode:node_modules/content-type Completed in 1035ms
374 http fetch GET 200 https://registry.npmjs.org/cookie/-/cookie-0.4.1.tgz 692ms (cache miss)
375 timing reifyNode:node_modules/cookie Completed in 1042ms
376 http fetch GET 200 https://registry.npmjs.org/negotiator/-/negotiator-0.6.2.tgz 895ms (cache miss)
377 timing reifyNode:node_modules/negotiator Completed in 1048ms
378 http fetch GET 200 https://registry.npmjs.org/proxy-addr/-/proxy-addr-2.0.7.tgz 794ms (cache miss)
379 timing reifyNode:node_modules/proxy-addr Completed in 1050ms
380 http fetch GET 200 https://registry.npmjs.org/accepts/-/accepts-1.3.7.tgz 648ms (cache miss)
381 timing reifyNode:node_modules/accepts Completed in 1052ms
382 http fetch GET 200 https://registry.npmjs.org/serve-static/-/serve-static-1.14.2.tgz 845ms (cache miss)
383 timing reifyNode:node_modules/serve-static Completed in 1060ms
384 http fetch GET 200 https://registry.npmjs.org/send/-/send-0.17.2.tgz 837ms (cache miss)
385 timing reifyNode:node_modules/send Completed in 1064ms
386 http fetch GET 200 https://registry.npmjs.org/mime-db/-/mime-db-1.51.0.tgz 1020ms (cache miss)
387 timing reifyNode:node_modules/mime-db Completed in 1079ms
388 http fetch GET 200 https://registry.npmjs.org/debug/-/debug-2.6.9.tgz 750ms (cache miss)
389 timing reifyNode:node_modules/debug Completed in 1083ms
390 http fetch GET 200 https://registry.npmjs.org/body-parser/-/body-parser-1.19.1.tgz 721ms (cache miss)
391 timing reifyNode:node_modules/body-parser Completed in 1088ms
392 http fetch GET 200 https://registry.npmjs.org/qs/-/qs-6.9.6.tgz 859ms (cache miss)
393 timing reifyNode:node_modules/qs Completed in 1102ms
394 http fetch GET 200 https://registry.npmjs.org/express/-/express-4.17.2.tgz 689ms (cache miss)
395 timing reifyNode:node_modules/express Completed in 1106ms
396 http fetch GET 200 https://registry.npmjs.org/iconv-lite/-/iconv-lite-0.4.24.tgz 1005ms (cache miss)
397 timing reifyNode:node_modules/iconv-lite Completed in 1119ms
398 timing reify:unpack Completed in 1121ms
399 timing reify:unretire Completed in 0ms
400 timing build:queue Completed in 2ms
401 timing build:link:node_modules/mime Completed in 2ms
402 timing build:link Completed in 2ms
403 timing build:deps Completed in 5ms
404 timing build Completed in 5ms
405 timing reify:build Completed in 5ms
406 timing reify:trash Completed in 0ms
407 timing reify:save Completed in 12ms
408 timing reify Completed in 2773ms
409 silly ADD node_modules/media-typer
410 silly ADD node_modules/mime
411 silly ADD node_modules/destroy
412 silly ADD node_modules/ipaddr.js
413 silly ADD node_modules/forwarded
414 silly ADD node_modules/ee-first
415 silly ADD node_modules/mime-db
416 silly ADD node_modules/safer-buffer
417 silly ADD node_modules/toidentifier
418 silly ADD node_modules/inherits
419 silly ADD node_modules/unpipe
420 silly ADD node_modules/ms
421 silly ADD node_modules/raw-body
422 silly ADD node_modules/iconv-lite
423 silly ADD node_modules/http-errors
424 silly ADD node_modules/bytes
425 silly ADD node_modules/negotiator
426 silly ADD node_modules/mime-types
427 silly ADD node_modules/vary
428 silly ADD node_modules/utils-merge
429 silly ADD node_modules/type-is
430 silly ADD node_modules/statuses
431 silly ADD node_modules/setprototypeof
432 silly ADD node_modules/serve-static
433 silly ADD node_modules/send
434 silly ADD node_modules/send/node_modules/ms
435 silly ADD node_modules/safe-buffer
436 silly ADD node_modules/range-parser
437 silly ADD node_modules/qs
438 silly ADD node_modules/proxy-addr
439 silly ADD node_modules/path-to-regexp
440 silly ADD node_modules/parseurl
441 silly ADD node_modules/on-finished
442 silly ADD node_modules/methods
443 silly ADD node_modules/merge-descriptors
444 silly ADD node_modules/fresh
445 silly ADD node_modules/finalhandler
446 silly ADD node_modules/etag
447 silly ADD node_modules/escape-html
448 silly ADD node_modules/encodeurl
449 silly ADD node_modules/depd
450 silly ADD node_modules/debug
451 silly ADD node_modules/cookie-signature
452 silly ADD node_modules/cookie
453 silly ADD node_modules/content-type
454 silly ADD node_modules/content-disposition
455 silly ADD node_modules/body-parser
456 silly ADD node_modules/array-flatten
457 silly ADD node_modules/accepts
458 silly ADD node_modules/express
459 timing command:install Completed in 2783ms
460 verbose exit 0
461 timing npm Completed in 2991ms
462 info ok
