0 verbose cli [
0 verbose cli   '/root/.nvm/versions/node/v17.3.0/bin/node',
0 verbose cli   '/root/.nvm/versions/node/v17.3.0/bin/npm',
0 verbose cli   'install',
0 verbose cli   '--ignore-scripts',
0 verbose cli   'types-registry@latest'
0 verbose cli ]
1 info using npm@8.3.0
2 info using node@v17.3.0
3 timing npm:load:whichnode Completed in 0ms
4 timing config:load:defaults Completed in 2ms
5 timing config:load:file:/root/.nvm/versions/node/v17.3.0/lib/node_modules/npm/npmrc Completed in 11ms
6 timing config:load:builtin Completed in 12ms
7 timing config:load:cli Completed in 2ms
8 timing config:load:env Completed in 1ms
9 timing config:load:file:/root/.cache/typescript/4.5/.npmrc Completed in 0ms
10 timing config:load:project Completed in 25ms
11 timing config:load:file:/root/.npmrc Completed in 0ms
12 timing config:load:user Completed in 0ms
13 timing config:load:file:/root/.nvm/versions/node/v17.3.0/etc/npmrc Completed in 0ms
14 timing config:load:global Completed in 1ms
15 timing config:load:validate Completed in 0ms
16 timing config:load:credentials Completed in 1ms
17 timing config:load:setEnvs Completed in 1ms
18 timing config:load Completed in 45ms
19 timing npm:load:configload Completed in 45ms
20 timing npm:load:setTitle Completed in 0ms
21 timing config:load:flatten Completed in 10ms
22 timing npm:load:display Completed in 11ms
23 verbose logfile /root/.npm/_logs/2022-01-07T02_34_57_087Z-debug-0.log
24 timing npm:load:logFile Completed in 5ms
25 timing npm:load:timers Completed in 0ms
26 timing npm:load:configScope Completed in 0ms
27 timing npm:load Completed in 62ms
28 timing arborist:ctor Completed in 0ms
29 silly logfile start cleaning logs, removing 2 files
30 timing arborist:ctor Completed in 0ms
31 timing idealTree:init Completed in 166ms
32 http fetch GET 200 https://registry.npmjs.org/types-registry 310ms (cache miss)
33 timing idealTree:userRequests Completed in 325ms
34 silly idealTree buildDeps
35 silly fetch manifest types-registry@0.1.574
36 silly placeDep ROOT types-registry@0.1.574 REPLACE for:  want: 0.1.574
37 timing idealTree:#root Completed in 9ms
38 timing idealTree:node_modules/types-registry Completed in 0ms
39 timing idealTree:buildDeps Completed in 10ms
40 timing idealTree:fixDepFlags Completed in 1ms
41 timing idealTree Completed in 504ms
42 timing reify:loadTrees Completed in 505ms
43 timing reify:diffTrees Completed in 3ms
44 silly reify mark retired [ '/root/.cache/typescript/4.5/node_modules/types-registry' ]
45 silly reify moves {
45 silly reify   '/root/.cache/typescript/4.5/node_modules/types-registry': '/root/.cache/typescript/4.5/node_modules/.types-registry-w1UbS074'
45 silly reify }
46 timing reify:retireShallow Completed in 20ms
47 timing reify:createSparse Completed in 2ms
48 timing reify:loadBundles Completed in 0ms
49 silly audit bulk request {
49 silly audit   'safe-buffer': [ '5.2.1' ],
49 silly audit   '@types/accepts': [ '1.3.5' ],
49 silly audit   '@types/body-parser': [ '1.19.2' ],
49 silly audit   '@types/bytes': [ '3.1.1' ],
49 silly audit   '@types/connect': [ '3.4.35' ],
49 silly audit   '@types/content-disposition': [ '0.5.4' ],
49 silly audit   '@types/content-type': [ '1.1.5' ],
49 silly audit   '@types/cookie': [ '0.4.1' ],
49 silly audit   '@types/cookie-signature': [ '1.0.4' ],
49 silly audit   '@types/debug': [ '4.1.7' ],
49 silly audit   '@types/depd': [ '1.1.32' ],
49 silly audit   '@types/destroy': [ '1.0.0' ],
49 silly audit   '@types/ee-first': [ '1.1.0' ],
49 silly audit   '@types/encodeurl': [ '1.0.0' ],
49 silly audit   '@types/escape-html': [ '1.0.1' ],
49 silly audit   '@types/etag': [ '1.8.1' ],
49 silly audit   '@types/express': [ '4.17.13' ],
49 silly audit   '@types/express-serve-static-core': [ '4.17.27' ],
49 silly audit   '@types/finalhandler': [ '1.1.1' ],
49 silly audit   '@types/forwarded': [ '0.1.0' ],
49 silly audit   '@types/fresh': [ '0.5.0' ],
49 silly audit   '@types/http-errors': [ '1.8.1' ],
49 silly audit   '@types/inherits': [ '0.0.30' ],
49 silly audit   '@types/isarray': [ '2.0.0' ],
49 silly audit   '@types/media-typer': [ '1.1.1' ],
49 silly audit   '@types/merge-descriptors': [ '1.0.1' ],
49 silly audit   '@types/methods': [ '1.1.1' ],
49 silly audit   '@types/mime': [ '2.0.3', '1.3.2' ],
49 silly audit   '@types/mime-db': [ '1.43.1' ],
49 silly audit   '@types/mime-types': [ '2.1.1' ],
49 silly audit   '@types/ms': [ '0.7.31' ],
49 silly audit   '@types/mysql': [ '2.15.20' ],
49 silly audit   '@types/negotiator': [ '0.6.1' ],
49 silly audit   '@types/node': [ '17.0.8' ],
49 silly audit   '@types/on-finished': [ '2.3.1' ],
49 silly audit   '@types/parseurl': [ '1.3.1' ],
49 silly audit   '@types/proxy-addr': [ '2.0.0' ],
49 silly audit   '@types/qs': [ '6.9.7' ],
49 silly audit   '@types/range-parser': [ '1.2.4' ],
49 silly audit   '@types/readable-stream': [ '2.3.13' ],
49 silly audit   '@types/safer-buffer': [ '2.1.0' ],
49 silly audit   '@types/send': [ '0.17.1' ],
49 silly audit   '@types/serve-static': [ '1.13.10' ],
49 silly audit   '@types/sqlstring': [ '2.3.0' ],
49 silly audit   '@types/statuses': [ '2.0.0' ],
49 silly audit   '@types/type-is': [ '1.6.3' ],
49 silly audit   '@types/util-deprecate': [ '1.0.0' ],
49 silly audit   '@types/utils-merge': [ '0.0.28' ],
49 silly audit   '@types/vary': [ '1.1.0' ],
49 silly audit   'types-registry': [ '0.1.574' ]
49 silly audit }
50 silly tarball no local data for types-registry@https://registry.npmjs.org/types-registry/-/types-registry-0.1.574.tgz. Extracting by manifest.
51 http fetch GET 200 https://registry.npmjs.org/types-registry/-/types-registry-0.1.574.tgz 149ms (cache miss)
52 timing reifyNode:node_modules/types-registry Completed in 167ms
53 timing reify:unpack Completed in 167ms
54 timing reify:unretire Completed in 0ms
55 timing build:queue Completed in 1ms
56 timing build:deps Completed in 1ms
57 timing build Completed in 1ms
58 timing reify:build Completed in 2ms
59 timing reify:trash Completed in 4ms
60 http fetch POST 200 https://registry.npmjs.org/-/npm/v1/security/advisories/bulk 207ms
61 timing auditReport:getReport Completed in 210ms
62 silly audit report {}
63 timing auditReport:init Completed in 0ms
64 timing reify:audit Completed in 211ms
65 timing reify:save Completed in 31ms
66 timing reify Completed in 764ms
67 silly CHANGE node_modules/types-registry
68 timing command:install Completed in 770ms
69 verbose exit 0
70 timing npm Completed in 1045ms
71 info ok
