[2022-01-09 06:18:14.244] [exthost] [info] Extension host with pid 31257 started
[2022-01-09 06:18:14.247] [exthost] [error] Error: EEXIST: file already exists, open '/root/.vscode-server/data/User/workspaceStorage/317cc65c38c663f1cf67c63b7a23d0bc/vscode.lock'
[2022-01-09 06:18:14.248] [exthost] [info] Lock '/root/.vscode-server/data/User/workspaceStorage/317cc65c38c663f1cf67c63b7a23d0bc/vscode.lock': Could not acquire lock, checking if the file is stale.
[2022-01-09 06:18:14.250] [exthost] [info] Lock '/root/.vscode-server/data/User/workspaceStorage/317cc65c38c663f1cf67c63b7a23d0bc/vscode.lock': The lock does not look stale, elapsed: 846 ms, giving up.
[2022-01-09 06:18:14.259] [exthost] [info] Lock '/root/.vscode-server/data/User/workspaceStorage/317cc65c38c663f1cf67c63b7a23d0bc-1/vscode.lock': Lock acquired.
[2022-01-09 06:18:14.553] [exthost] [info] ExtensionService#_doActivateExtension vscode.typescript-language-features, startup: false, activationEvent: 'onLanguage:javascript'
[2022-01-09 06:18:14.635] [exthost] [info] ExtensionService#_doActivateExtension vscode.debug-auto-launch, startup: true, activationEvent: '*'
[2022-01-09 06:18:14.639] [exthost] [info] ExtensionService#_doActivateExtension vscode.git-base, startup: true, activationEvent: '*', root cause: vscode.github
[2022-01-09 06:18:14.647] [exthost] [info] ExtensionService#_doActivateExtension vscode.npm, startup: true, activationEvent: 'workspaceContains:package.json'
[2022-01-09 06:18:16.467] [exthost] [info] ExtensionService#_doActivateExtension vscode.git, startup: true, activationEvent: '*'
[2022-01-09 06:18:16.541] [exthost] [info] ExtensionService#_doActivateExtension vscode.github, startup: true, activationEvent: '*'
[2022-01-09 06:18:17.217] [exthost] [info] ExtensionService#_doActivateExtension vscode.emmet, startup: false, activationEvent: 'onStartupFinished'
[2022-01-09 06:18:17.245] [exthost] [info] ExtensionService#_doActivateExtension vscode.merge-conflict, startup: false, activationEvent: 'onStartupFinished'
[2022-01-09 06:18:17.267] [exthost] [info] Eager extensions activated
[2022-01-09 07:06:53.836] [exthost] [info] ExtensionService#_doActivateExtension vscode.configuration-editing, startup: false, activationEvent: 'onLanguage:json'
[2022-01-09 07:06:53.860] [exthost] [info] ExtensionService#_doActivateExtension vscode.extension-editing, startup: false, activationEvent: 'onLanguage:json'
[2022-01-09 07:06:53.887] [exthost] [info] ExtensionService#_doActivateExtension vscode.json-language-features, startup: false, activationEvent: 'onLanguage:json'
[2022-01-09 08:21:42.986] [exthost] [info] extension host terminating: renderer disconnected for too long (2)
[2022-01-09 08:21:42.988] [exthost] [info] Lock '/root/.vscode-server/data/User/workspaceStorage/317cc65c38c663f1cf67c63b7a23d0bc-1/vscode.lock': Marking the lockfile as scheduled to be released in 6000 ms.
[2022-01-09 08:21:43.055] [exthost] [info] Extension host with pid 31257 exiting with code 0
